[I 2023-09-23 13:51:14,695] Trial 149 finished with value: 0.9636992214787989 and parameters: {'n_estimators': 143, 'learning_rate': 0.04973534340606798, 'max_depth': 5, 'subsample': 0.8609973825831931, 'colsample_bytree': 0.9238832934596647}. Best is trial 51 with value: 0.9899296291417368.
[I 2023-09-23 13:54:18,406] Trial 150 finished with value: 0.9863291404261052 and parameters: {'n_estimators': 144, 'learning_rate': 0.0918658225344896, 'max_depth': 5, 'subsample': 0.8650050236922578, 'colsample_bytree': 0.9392135317385907}. Best is trial 51 with value: 0.9899296291417368.
[I 2023-09-23 13:57:23,999] Trial 151 finished with value: 0.9880124244398371 and parameters: {'n_estimators': 148, 'learning_rate': 0.09811626951077619, 'max_depth': 5, 'subsample': 0.8766614371111336, 'colsample_bytree': 0.9472828932645846}. Best is trial 51 with value: 0.9899296291417368.
[I 2023-09-23 14:00:28,508] Trial 152 finished with value: 0.9884542350782795 and parameters: {'n_estimators': 146, 'learning_rate': 0.09822737013874054, 'max_depth': 5, 'subsample': 0.8694530027825959, 'colsample_bytree': 0.9430250363314399}. Best is trial 51 with value: 0.9899296291417368.
[I 2023-09-23 14:03:34,487] Trial 153 finished with value: 0.9881385511828027 and parameters: {'n_estimators': 148, 'learning_rate': 0.09570850021283805, 'max_depth': 5, 'subsample': 0.8739893800805455, 'colsample_bytree': 0.9491938298635021}. Best is trial 51 with value: 0.9899296291417368.
[I 2023-09-23 14:06:33,908] Trial 154 finished with value: 0.9866341912471766 and parameters: {'n_estimators': 142, 'learning_rate': 0.09991828025638144, 'max_depth': 5, 'subsample': 0.8819542991090547, 'colsample_bytree': 0.9340346688000563}. Best is trial 51 with value: 0.9899296291417368.
[I 2023-09-23 14:09:37,066] Trial 155 finished with value: 0.9877587015501021 and parameters: {'n_estimators': 145, 'learning_rate': 0.09732713649561325, 'max_depth': 5, 'subsample': 0.8484557743467885, 'colsample_bytree': 0.9370987391568941}. Best is trial 51 with value: 0.9899296291417368.
[I 2023-09-23 14:12:46,574] Trial 156 finished with value: 0.9878173675305378 and parameters: {'n_estimators': 150, 'learning_rate': 0.09433948566663991, 'max_depth': 5, 'subsample': 0.8786175397290324, 'colsample_bytree': 0.9581732058906646}. Best is trial 51 with value: 0.9899296291417368.
[I 2023-09-23 14:15:53,276] Trial 157 finished with value: 0.988498232552516 and parameters: {'n_estimators': 147, 'learning_rate': 0.09799939580948949, 'max_depth': 5, 'subsample': 0.8608904773425564, 'colsample_bytree': 0.9512905811283934}. Best is trial 51 with value: 0.9899296291417368.
[I 2023-09-23 14:18:55,671] Trial 158 finished with value: 0.9867702174938838 and parameters: {'n_estimators': 144, 'learning_rate': 0.09587955482558899, 'max_depth': 5, 'subsample': 0.88852445053657, 'colsample_bytree': 0.9452727020040138}. Best is trial 51 with value: 0.9899296291417368.
[I 2023-09-23 14:21:20,143] Trial 159 finished with value: 0.9356465682974695 and parameters: {'n_estimators': 140, 'learning_rate': 0.09387147082177914, 'max_depth': 3, 'subsample': 0.866987392744425, 'colsample_bytree': 0.9402886692879434}. Best is trial 51 with value: 0.9899296291417368.
[I 2023-09-23 14:24:25,955] Trial 160 finished with value: 0.9877227711861352 and parameters: {'n_estimators': 148, 'learning_rate': 0.09852405343979072, 'max_depth': 5, 'subsample': 0.8724172386457195, 'colsample_bytree': 0.9298333833606711}. Best is trial 51 with value: 0.9899296291417368.
[I 2023-09-23 14:27:34,361] Trial 161 finished with value: 0.9882896083910133 and parameters: {'n_estimators': 150, 'learning_rate': 0.09694185812460102, 'max_depth': 5, 'subsample': 0.8739201709274075, 'colsample_bytree': 0.9537624997409007}. Best is trial 51 with value: 0.9899296291417368.
[I 2023-09-23 14:30:39,644] Trial 162 finished with value: 0.9877389034433077 and parameters: {'n_estimators': 146, 'learning_rate': 0.09736012603234358, 'max_depth': 5, 'subsample': 0.8774864521775486, 'colsample_bytree': 0.9624163091417652}. Best is trial 51 with value: 0.9899296291417368.
[I 2023-09-23 14:33:47,253] Trial 163 finished with value: 0.9888982465039939 and parameters: {'n_estimators': 150, 'learning_rate': 0.0998370097721027, 'max_depth': 5, 'subsample': 0.8853315492717919, 'colsample_bytree': 0.9538166481579322}. Best is trial 51 with value: 0.9899296291417368.
[I 2023-09-23 14:36:46,350] Trial 164 finished with value: 0.9883266418842904 and parameters: {'n_estimators': 143, 'learning_rate': 0.0999150349906006, 'max_depth': 5, 'subsample': 0.8852662499204764, 'colsample_bytree': 0.9491065673509342}. Best is trial 51 with value: 0.9899296291417368.
[I 2023-09-23 14:39:48,223] Trial 165 finished with value: 0.988215546555861 and parameters: {'n_estimators': 148, 'learning_rate': 0.0999335128000899, 'max_depth': 5, 'subsample': 0.8944483117762096, 'colsample_bytree': 0.9571101752088954}. Best is trial 51 with value: 0.9899296291417368.
[I 2023-09-23 14:42:49,396] Trial 166 finished with value: 0.9874851834680403 and parameters: {'n_estimators': 146, 'learning_rate': 0.0955647657412164, 'max_depth': 5, 'subsample': 0.8914452576325519, 'colsample_bytree': 0.9436868025101534}. Best is trial 51 with value: 0.9899296291417368.
[I 2023-09-23 14:45:54,286] Trial 167 finished with value: 0.9882181128231385 and parameters: {'n_estimators': 150, 'learning_rate': 0.09834245969349287, 'max_depth': 5, 'subsample': 0.8811199950898443, 'colsample_bytree': 0.9606111670866458}. Best is trial 51 with value: 0.9899296291417368.
[I 2023-09-23 14:48:55,513] Trial 168 finished with value: 0.9854858465547135 and parameters: {'n_estimators': 145, 'learning_rate': 0.09298927100962918, 'max_depth': 5, 'subsample': 0.8565080274171324, 'colsample_bytree': 0.9379806155901081}. Best is trial 51 with value: 0.9899296291417368.
[I 2023-09-23 14:52:00,451] Trial 169 finished with value: 0.9797345984667449 and parameters: {'n_estimators': 148, 'learning_rate': 0.07664361157813385, 'max_depth': 5, 'subsample': 0.8689135921083191, 'colsample_bytree': 0.9518111584692722}. Best is trial 51 with value: 0.9899296291417368.
[I 2023-09-23 14:54:58,838] Trial 170 finished with value: 0.9868303483787123 and parameters: {'n_estimators': 143, 'learning_rate': 0.09494364612606368, 'max_depth': 5, 'subsample': 0.8854418490707092, 'colsample_bytree': 0.9487023865829981}. Best is trial 51 with value: 0.9899296291417368.
[I 2023-09-23 14:58:05,564] Trial 171 finished with value: 0.9886650579447158 and parameters: {'n_estimators': 150, 'learning_rate': 0.09707750200228313, 'max_depth': 5, 'subsample': 0.8763421647981587, 'colsample_bytree': 0.9555931040397287}. Best is trial 51 with value: 0.9899296291417368.
[I 2023-09-23 15:01:08,858] Trial 172 finished with value: 0.9888978804526563 and parameters: {'n_estimators': 148, 'learning_rate': 0.0983361645394635, 'max_depth': 5, 'subsample': 0.8636866093533019, 'colsample_bytree': 0.9457114421133223}. Best is trial 51 with value: 0.9899296291417368.
[I 2023-09-23 15:04:10,161] Trial 173 finished with value: 0.9879552267003755 and parameters: {'n_estimators': 147, 'learning_rate': 0.09992898269374512, 'max_depth': 5, 'subsample': 0.8631961310716788, 'colsample_bytree': 0.9453967129339115}. Best is trial 51 with value: 0.9899296291417368.
[I 2023-09-23 15:07:10,368] Trial 174 finished with value: 0.9871544657167576 and parameters: {'n_estimators': 145, 'learning_rate': 0.09835856516140543, 'max_depth': 5, 'subsample': 0.8694894332964394, 'colsample_bytree': 0.9420697276701274}. Best is trial 51 with value: 0.9899296291417368.
[I 2023-09-23 15:10:13,320] Trial 175 finished with value: 0.9866961561050429 and parameters: {'n_estimators': 148, 'learning_rate': 0.09638159311459117, 'max_depth': 5, 'subsample': 0.8796679377277549, 'colsample_bytree': 0.9330298310639439}. Best is trial 51 with value: 0.9899296291417368.
[I 2023-09-23 15:13:15,432] Trial 176 finished with value: 0.9872296293012841 and parameters: {'n_estimators': 141, 'learning_rate': 0.09811294173953623, 'max_depth': 5, 'subsample': 0.8589411765742568, 'colsample_bytree': 0.940674815660973}. Best is trial 51 with value: 0.9899296291417368.
[I 2023-09-23 15:16:28,802] Trial 177 finished with value: 0.9876399080805689 and parameters: {'n_estimators': 146, 'learning_rate': 0.09454231917627276, 'max_depth': 5, 'subsample': 0.8536709171309683, 'colsample_bytree': 0.9525401660378539}. Best is trial 51 with value: 0.9899296291417368.
[I 2023-09-23 15:19:42,832] Trial 178 finished with value: 0.9885653290449211 and parameters: {'n_estimators': 150, 'learning_rate': 0.0999622683021888, 'max_depth': 5, 'subsample': 0.9009275217369959, 'colsample_bytree': 0.9472415262357011}. Best is trial 51 with value: 0.9899296291417368.
[I 2023-09-23 15:22:53,943] Trial 179 finished with value: 0.9878257986756779 and parameters: {'n_estimators': 144, 'learning_rate': 0.09640431349119372, 'max_depth': 5, 'subsample': 0.8640358890659015, 'colsample_bytree': 0.967478556548999}. Best is trial 51 with value: 0.9899296291417368.
[I 2023-09-23 15:25:08,654] Trial 180 finished with value: 0.9719282818463109 and parameters: {'n_estimators': 92, 'learning_rate': 0.09144639097430135, 'max_depth': 5, 'subsample': 0.8725912539811629, 'colsample_bytree': 0.9588007670742266}. Best is trial 51 with value: 0.9899296291417368.
[I 2023-09-23 15:28:24,094] Trial 181 finished with value: 0.9881913486718664 and parameters: {'n_estimators': 149, 'learning_rate': 0.09802374330850279, 'max_depth': 5, 'subsample': 0.8764287683233489, 'colsample_bytree': 0.9521155863458529}. Best is trial 51 with value: 0.9899296291417368.
[I 2023-09-23 15:31:39,755] Trial 182 finished with value: 0.9880813529849309 and parameters: {'n_estimators': 148, 'learning_rate': 0.0966191062726488, 'max_depth': 5, 'subsample': 0.8826519343087599, 'colsample_bytree': 0.9540302741540729}. Best is trial 51 with value: 0.9899296291417368.
[I 2023-09-23 15:35:01,736] Trial 183 finished with value: 0.9883189432491521 and parameters: {'n_estimators': 150, 'learning_rate': 0.09858845981714603, 'max_depth': 5, 'subsample': 0.8738697372098875, 'colsample_bytree': 0.9456481421712305}. Best is trial 51 with value: 0.9899296291417368.
[I 2023-09-23 15:38:16,244] Trial 184 finished with value: 0.9871097345831327 and parameters: {'n_estimators': 146, 'learning_rate': 0.09520813166625859, 'max_depth': 5, 'subsample': 0.8674980368204397, 'colsample_bytree': 0.9373968850383975}. Best is trial 51 with value: 0.9899296291417368.
[I 2023-09-23 15:41:25,710] Trial 185 finished with value: 0.9824606293441998 and parameters: {'n_estimators': 142, 'learning_rate': 0.08326381323427742, 'max_depth': 5, 'subsample': 0.8878894638593583, 'colsample_bytree': 0.9606556439230304}. Best is trial 51 with value: 0.9899296291417368.
[I 2023-09-23 15:44:35,367] Trial 186 finished with value: 0.9875280808020435 and parameters: {'n_estimators': 147, 'learning_rate': 0.09341144969768612, 'max_depth': 5, 'subsample': 0.8789976214280257, 'colsample_bytree': 0.9556524310526242}. Best is trial 51 with value: 0.9899296291417368.
[I 2023-09-23 15:47:40,498] Trial 187 finished with value: 0.9881587169272225 and parameters: {'n_estimators': 144, 'learning_rate': 0.09723665779140625, 'max_depth': 5, 'subsample': 0.8713011868159138, 'colsample_bytree': 0.8969250302306886}. Best is trial 51 with value: 0.9899296291417368.
[I 2023-09-23 15:50:52,133] Trial 188 finished with value: 0.9881774149435228 and parameters: {'n_estimators': 150, 'learning_rate': 0.09858887437010583, 'max_depth': 5, 'subsample': 0.8648549969943362, 'colsample_bytree': 0.9418468967421642}. Best is trial 51 with value: 0.9899296291417368.
[I 2023-09-23 15:54:03,951] Trial 189 finished with value: 0.9894419871494493 and parameters: {'n_estimators': 148, 'learning_rate': 0.09558871158444847, 'max_depth': 5, 'subsample': 0.8605824219501926, 'colsample_bytree': 0.9497694595301843}. Best is trial 51 with value: 0.9899296291417368.
[I 2023-09-23 15:57:13,484] Trial 190 finished with value: 0.9892909266759062 and parameters: {'n_estimators': 147, 'learning_rate': 0.09988143972569788, 'max_depth': 5, 'subsample': 0.8505439810395802, 'colsample_bytree': 0.9472244334226401}. Best is trial 51 with value: 0.9899296291417368.
[I 2023-09-23 16:00:23,291] Trial 191 finished with value: 0.9886756911717004 and parameters: {'n_estimators': 146, 'learning_rate': 0.09983109172589735, 'max_depth': 5, 'subsample': 0.8490602558600329, 'colsample_bytree': 0.9481272806768876}. Best is trial 51 with value: 0.9899296291417368.
[I 2023-09-23 16:03:34,424] Trial 192 finished with value: 0.9885499302407851 and parameters: {'n_estimators': 148, 'learning_rate': 0.0958659048805349, 'max_depth': 5, 'subsample': 0.8571733663227163, 'colsample_bytree': 0.9448209761106778}. Best is trial 51 with value: 0.9899296291417368.
[I 2023-09-23 16:05:55,157] Trial 193 finished with value: 0.9621900971463269 and parameters: {'n_estimators': 116, 'learning_rate': 0.09805785666335379, 'max_depth': 4, 'subsample': 0.8610985315668114, 'colsample_bytree': 0.9499931182728152}. Best is trial 51 with value: 0.9899296291417368.
[I 2023-09-23 16:09:02,009] Trial 194 finished with value: 0.985868262908397 and parameters: {'n_estimators': 144, 'learning_rate': 0.09516879223485541, 'max_depth': 5, 'subsample': 0.8538438669239005, 'colsample_bytree': 0.9386371660140388}. Best is trial 51 with value: 0.9899296291417368.
[I 2023-09-23 16:12:12,937] Trial 195 finished with value: 0.987948260039531 and parameters: {'n_estimators': 147, 'learning_rate': 0.0984420721326337, 'max_depth': 5, 'subsample': 0.8609691811971214, 'colsample_bytree': 0.934169704027075}. Best is trial 51 with value: 0.9899296291417368.
[I 2023-09-23 16:15:20,091] Trial 196 finished with value: 0.9885532312704586 and parameters: {'n_estimators': 142, 'learning_rate': 0.099831200294174, 'max_depth': 5, 'subsample': 0.8468708884177161, 'colsample_bytree': 0.9448516769361286}. Best is trial 51 with value: 0.9899296291417368.
[I 2023-09-23 16:18:32,017] Trial 197 finished with value: 0.9886555258870352 and parameters: {'n_estimators': 145, 'learning_rate': 0.09678846912517533, 'max_depth': 5, 'subsample': 0.8431761264339437, 'colsample_bytree': 0.9633027906893304}. Best is trial 51 with value: 0.9899296291417368.
[I 2023-09-23 16:21:47,732] Trial 198 finished with value: 0.9860295870529671 and parameters: {'n_estimators': 148, 'learning_rate': 0.08705643400018495, 'max_depth': 5, 'subsample': 0.8668596626063481, 'colsample_bytree': 0.9402241365996638}. Best is trial 51 with value: 0.9899296291417368.
[I 2023-09-23 16:25:01,078] Trial 199 finished with value: 0.9870477711583024 and parameters: {'n_estimators': 146, 'learning_rate': 0.0939403691027743, 'max_depth': 5, 'subsample': 0.95845616455475, 'colsample_bytree': 0.9485796295132464}. Best is trial 51 with value: 0.9899296291417368.
[I 2023-09-23 16:28:22,151] Trial 200 finished with value: 0.9885400306617619 and parameters: {'n_estimators': 150, 'learning_rate': 0.0967764945597528, 'max_depth': 5, 'subsample': 0.9070015618380743, 'colsample_bytree': 0.9548993252039647}. Best is trial 51 with value: 0.9899296291417368.
[I 2023-09-23 16:31:39,049] Trial 201 finished with value: 0.9879024293665797 and parameters: {'n_estimators': 148, 'learning_rate': 0.09832372757556644, 'max_depth': 5, 'subsample': 0.8763686752138754, 'colsample_bytree': 0.9512947645651775}. Best is trial 51 with value: 0.9899296291417368.
[I 2023-09-23 16:34:57,040] Trial 202 finished with value: 0.9888619482389167 and parameters: {'n_estimators': 150, 'learning_rate': 0.09972841689603139, 'max_depth': 5, 'subsample': 0.8698021450044208, 'colsample_bytree': 0.9572418093332302}. Best is trial 51 with value: 0.9899296291417368.
[I 2023-09-23 16:38:13,420] Trial 203 finished with value: 0.9881803486111549 and parameters: {'n_estimators': 148, 'learning_rate': 0.09985761018095593, 'max_depth': 5, 'subsample': 0.8515150661658552, 'colsample_bytree': 0.9649093606203198}. Best is trial 51 with value: 0.9899296291417368.
[I 2023-09-23 16:41:32,506] Trial 204 finished with value: 0.9899952580754057 and parameters: {'n_estimators': 150, 'learning_rate': 0.09667907401768036, 'max_depth': 5, 'subsample': 0.8694924286053657, 'colsample_bytree': 0.9581518340515917}. Best is trial 204 with value: 0.9899952580754057.
[I 2023-09-23 16:44:46,196] Trial 205 finished with value: 0.9888945808849217 and parameters: {'n_estimators': 145, 'learning_rate': 0.09989920809129751, 'max_depth': 5, 'subsample': 0.8693092343880746, 'colsample_bytree': 0.9582319980061198}. Best is trial 204 with value: 0.9899952580754057.
[I 2023-09-23 16:48:00,038] Trial 206 finished with value: 0.9895274158024148 and parameters: {'n_estimators': 144, 'learning_rate': 0.09995582393012149, 'max_depth': 5, 'subsample': 0.870280310919168, 'colsample_bytree': 0.9586859380497612}. Best is trial 204 with value: 0.9899952580754057.
[I 2023-09-23 16:51:10,731] Trial 207 finished with value: 0.9872820591964129 and parameters: {'n_estimators': 142, 'learning_rate': 0.09582743533510697, 'max_depth': 5, 'subsample': 0.8693649218136433, 'colsample_bytree': 0.9575368044497189}. Best is trial 204 with value: 0.9899952580754057.
[I 2023-09-23 16:54:25,175] Trial 208 finished with value: 0.9791857242193508 and parameters: {'n_estimators': 144, 'learning_rate': 0.07329819802360087, 'max_depth': 5, 'subsample': 0.8650195496220389, 'colsample_bytree': 0.9615575575451497}. Best is trial 204 with value: 0.9899952580754057.
[I 2023-09-23 16:57:44,424] Trial 209 finished with value: 0.9888153839798426 and parameters: {'n_estimators': 150, 'learning_rate': 0.09707827828310144, 'max_depth': 5, 'subsample': 0.8569501512988021, 'colsample_bytree': 0.9584251782230411}. Best is trial 204 with value: 0.9899952580754057.
[I 2023-09-23 17:01:00,930] Trial 210 finished with value: 0.9885341647884369 and parameters: {'n_estimators': 147, 'learning_rate': 0.09506331235327731, 'max_depth': 5, 'subsample': 0.8629842254316502, 'colsample_bytree': 0.9716397848071822}. Best is trial 204 with value: 0.9899952580754057.
[I 2023-09-23 17:04:21,043] Trial 211 finished with value: 0.9811304283921354 and parameters: {'n_estimators': 147, 'learning_rate': 0.08117543861595942, 'max_depth': 5, 'subsample': 0.8694047185434511, 'colsample_bytree': 0.966855234158613}. Best is trial 204 with value: 0.9899952580754057.
[I 2023-09-23 17:07:33,605] Trial 212 finished with value: 0.9873935219325901 and parameters: {'n_estimators': 145, 'learning_rate': 0.09988440021013034, 'max_depth': 5, 'subsample': 0.8738152477153078, 'colsample_bytree': 0.9612795505470002}. Best is trial 204 with value: 0.9899952580754057.
[I 2023-09-23 17:10:49,096] Trial 213 finished with value: 0.9877352361761094 and parameters: {'n_estimators': 146, 'learning_rate': 0.09797223026873428, 'max_depth': 5, 'subsample': 0.8710478823975729, 'colsample_bytree': 0.9565306565557266}. Best is trial 204 with value: 0.9899952580754057.
[I 2023-09-23 17:14:02,736] Trial 214 finished with value: 0.987842664270276 and parameters: {'n_estimators': 149, 'learning_rate': 0.0983157197763331, 'max_depth': 5, 'subsample': 0.8663188270078183, 'colsample_bytree': 0.9762061258081653}. Best is trial 204 with value: 0.9899952580754057.
[I 2023-09-23 17:17:15,065] Trial 215 finished with value: 0.980617120634483 and parameters: {'n_estimators': 143, 'learning_rate': 0.07778323865631492, 'max_depth': 5, 'subsample': 0.8603459510274052, 'colsample_bytree': 0.9520184771090265}. Best is trial 204 with value: 0.9899952580754057.
[I 2023-09-23 17:20:24,397] Trial 216 finished with value: 0.9868571146956704 and parameters: {'n_estimators': 148, 'learning_rate': 0.09987445040241895, 'max_depth': 5, 'subsample': 0.8737110430433588, 'colsample_bytree': 0.8641998570062295}. Best is trial 204 with value: 0.9899952580754057.
[I 2023-09-23 17:23:32,380] Trial 217 finished with value: 0.9888373829969137 and parameters: {'n_estimators': 145, 'learning_rate': 0.09679182640354068, 'max_depth': 5, 'subsample': 0.8818158843052913, 'colsample_bytree': 0.9634922528009503}. Best is trial 204 with value: 0.9899952580754057.
[I 2023-09-23 17:26:34,309] Trial 218 finished with value: 0.9845483287044887 and parameters: {'n_estimators': 139, 'learning_rate': 0.09311762111625158, 'max_depth': 5, 'subsample': 0.8846624646612093, 'colsample_bytree': 0.964228920316305}. Best is trial 204 with value: 0.9899952580754057.
[I 2023-09-23 17:29:20,537] Trial 219 finished with value: 0.9702548975218355 and parameters: {'n_estimators': 144, 'learning_rate': 0.09643821934384991, 'max_depth': 4, 'subsample': 0.8809821099549724, 'colsample_bytree': 0.9694766033914481}. Best is trial 204 with value: 0.9899952580754057.
[I 2023-09-23 17:32:33,376] Trial 220 finished with value: 0.9899351280576582 and parameters: {'n_estimators': 150, 'learning_rate': 0.0972603516770791, 'max_depth': 5, 'subsample': 0.8670925130222463, 'colsample_bytree': 0.9599322273857669}. Best is trial 204 with value: 0.9899952580754057.
[I 2023-09-23 17:35:45,813] Trial 221 finished with value: 0.9882995085702714 and parameters: {'n_estimators': 150, 'learning_rate': 0.0971464211261612, 'max_depth': 5, 'subsample': 0.8675682385124096, 'colsample_bytree': 0.9591414182524286}. Best is trial 204 with value: 0.9899952580754057.
[I 2023-09-23 17:38:58,648] Trial 222 finished with value: 0.9835305101208324 and parameters: {'n_estimators': 148, 'learning_rate': 0.08108988360652557, 'max_depth': 5, 'subsample': 0.8639376313108647, 'colsample_bytree': 0.9628876070565769}. Best is trial 204 with value: 0.9899952580754057.
[I 2023-09-23 17:42:10,083] Trial 223 finished with value: 0.9886602914299069 and parameters: {'n_estimators': 150, 'learning_rate': 0.09498779526431853, 'max_depth': 5, 'subsample': 0.8589623958418541, 'colsample_bytree': 0.9550954657389796}. Best is trial 204 with value: 0.9899952580754057.
