[I 2023-09-23 21:37:38,258] Trial 298 finished with value: 0.9874514519689802 and parameters: {'n_estimators': 143, 'learning_rate': 0.09484817700443295, 'max_depth': 5, 'subsample': 0.8170975648689648, 'colsample_bytree': 0.9451368926303685}. Best is trial 204 with value: 0.9899952580754057.
[I 2023-09-23 21:41:04,468] Trial 299 finished with value: 0.9253254088428802 and parameters: {'n_estimators': 148, 'learning_rate': 0.017500740632056005, 'max_depth': 5, 'subsample': 0.8121800095891227, 'colsample_bytree': 0.9664872599201482}. Best is trial 204 with value: 0.9899952580754057.
[I 2023-09-23 21:44:15,048] Trial 300 finished with value: 0.9879207615029422 and parameters: {'n_estimators': 146, 'learning_rate': 0.09689746103459618, 'max_depth': 5, 'subsample': 0.8048323978589795, 'colsample_bytree': 0.9244506279415754}. Best is trial 204 with value: 0.9899952580754057.
[I 2023-09-23 21:47:31,826] Trial 301 finished with value: 0.9733563784174525 and parameters: {'n_estimators': 150, 'learning_rate': 0.06249225850517344, 'max_depth': 5, 'subsample': 0.8458397194869723, 'colsample_bytree': 0.9199567682857438}. Best is trial 204 with value: 0.9899952580754057.
[I 2023-09-23 21:50:32,095] Trial 302 finished with value: 0.9854770484736788 and parameters: {'n_estimators': 138, 'learning_rate': 0.09828664637077987, 'max_depth': 5, 'subsample': 0.8208752912797563, 'colsample_bytree': 0.9616111147545149}. Best is trial 204 with value: 0.9899952580754057.
[I 2023-09-23 21:53:38,648] Trial 303 finished with value: 0.9873407233290921 and parameters: {'n_estimators': 142, 'learning_rate': 0.09583564950746189, 'max_depth': 5, 'subsample': 0.8201512359503734, 'colsample_bytree': 0.9314687435604262}. Best is trial 204 with value: 0.9899952580754057.
[I 2023-09-23 21:56:49,900] Trial 304 finished with value: 0.9878921624114 and parameters: {'n_estimators': 148, 'learning_rate': 0.09838022792556758, 'max_depth': 5, 'subsample': 0.8263179531024587, 'colsample_bytree': 0.951451381980703}. Best is trial 204 with value: 0.9899952580754057.
[I 2023-09-23 22:00:00,854] Trial 305 finished with value: 0.9864574668304822 and parameters: {'n_estimators': 146, 'learning_rate': 0.09275880213572728, 'max_depth': 5, 'subsample': 0.8179036957895648, 'colsample_bytree': 0.9417629720196211}. Best is trial 204 with value: 0.9899952580754057.
[I 2023-09-23 22:03:09,000] Trial 306 finished with value: 0.9884487352260448 and parameters: {'n_estimators': 144, 'learning_rate': 0.09674304211127983, 'max_depth': 5, 'subsample': 0.8595368463479165, 'colsample_bytree': 0.9384146324439301}. Best is trial 204 with value: 0.9899952580754057.
[I 2023-09-23 22:05:49,888] Trial 307 finished with value: 0.9672711115673479 and parameters: {'n_estimators': 118, 'learning_rate': 0.06962118822870775, 'max_depth': 5, 'subsample': 0.8247419688263085, 'colsample_bytree': 0.9489963315343736}. Best is trial 204 with value: 0.9899952580754057.
[I 2023-09-23 22:08:09,374] Trial 308 finished with value: 0.960710666979592 and parameters: {'n_estimators': 96, 'learning_rate': 0.06503113364489521, 'max_depth': 5, 'subsample': 0.8335173528969602, 'colsample_bytree': 0.9546044654096942}. Best is trial 204 with value: 0.9899952580754057.
[I 2023-09-23 22:11:21,683] Trial 309 finished with value: 0.9884810002028331 and parameters: {'n_estimators': 150, 'learning_rate': 0.0999884967380214, 'max_depth': 5, 'subsample': 0.838916479214633, 'colsample_bytree': 0.9639156856914909}. Best is trial 204 with value: 0.9899952580754057.
[I 2023-09-23 22:14:32,245] Trial 310 finished with value: 0.9878181005762479 and parameters: {'n_estimators': 148, 'learning_rate': 0.09428042489225986, 'max_depth': 5, 'subsample': 0.8799131349851566, 'colsample_bytree': 0.9461605349379805}. Best is trial 204 with value: 0.9899952580754057.
[I 2023-09-23 22:16:37,059] Trial 311 finished with value: 0.8641838182733161 and parameters: {'n_estimators': 78, 'learning_rate': 0.015185366233832924, 'max_depth': 5, 'subsample': 0.807190668444549, 'colsample_bytree': 0.9359588076910484}. Best is trial 204 with value: 0.9899952580754057.
[I 2023-09-23 22:19:22,499] Trial 312 finished with value: 0.9700572752015851 and parameters: {'n_estimators': 141, 'learning_rate': 0.09699871230289009, 'max_depth': 4, 'subsample': 0.8752913377748357, 'colsample_bytree': 0.9787471972378341}. Best is trial 204 with value: 0.9899952580754057.
[I 2023-09-23 22:22:30,224] Trial 313 finished with value: 0.9888362827861037 and parameters: {'n_estimators': 145, 'learning_rate': 0.09995328366885768, 'max_depth': 5, 'subsample': 0.8327181638547999, 'colsample_bytree': 0.9284755341126596}. Best is trial 204 with value: 0.9899952580754057.
[I 2023-09-23 22:25:39,967] Trial 314 finished with value: 0.9871694979936697 and parameters: {'n_estimators': 148, 'learning_rate': 0.0952693281023742, 'max_depth': 5, 'subsample': 0.8276369053899251, 'colsample_bytree': 0.9557371087527121}. Best is trial 204 with value: 0.9899952580754057.
[I 2023-09-23 22:29:04,077] Trial 315 finished with value: 0.9330605961074226 and parameters: {'n_estimators': 150, 'learning_rate': 0.02118248649265675, 'max_depth': 5, 'subsample': 0.8549809366611889, 'colsample_bytree': 0.9681304470752857}. Best is trial 204 with value: 0.9899952580754057.
[I 2023-09-23 22:32:20,197] Trial 316 finished with value: 0.938070482181458 and parameters: {'n_estimators': 146, 'learning_rate': 0.026234311020156352, 'max_depth': 5, 'subsample': 0.8002845340846592, 'colsample_bytree': 0.9727348180673541}. Best is trial 204 with value: 0.9899952580754057.
[I 2023-09-23 22:35:27,070] Trial 317 finished with value: 0.9890892694044533 and parameters: {'n_estimators': 148, 'learning_rate': 0.09812815315654362, 'max_depth': 5, 'subsample': 0.8606484368133598, 'colsample_bytree': 0.943926271623813}. Best is trial 204 with value: 0.9899952580754057.
[I 2023-09-23 22:38:35,247] Trial 318 finished with value: 0.9891343679438098 and parameters: {'n_estimators': 148, 'learning_rate': 0.09791144052770379, 'max_depth': 5, 'subsample': 0.8575915210032028, 'colsample_bytree': 0.9610437024029878}. Best is trial 204 with value: 0.9899952580754057.
[I 2023-09-23 22:41:44,168] Trial 319 finished with value: 0.9866030251066397 and parameters: {'n_estimators': 148, 'learning_rate': 0.09199243386870641, 'max_depth': 5, 'subsample': 0.8501100111414834, 'colsample_bytree': 0.9417032726129337}. Best is trial 204 with value: 0.9899952580754057.
[I 2023-09-23 22:44:58,960] Trial 320 finished with value: 0.9886844905862923 and parameters: {'n_estimators': 150, 'learning_rate': 0.09786579176043683, 'max_depth': 5, 'subsample': 0.8570666074603014, 'colsample_bytree': 0.9504930915541114}. Best is trial 204 with value: 0.9899952580754057.
[I 2023-09-23 22:48:07,443] Trial 321 finished with value: 0.9841204489679749 and parameters: {'n_estimators': 147, 'learning_rate': 0.08164014454087387, 'max_depth': 5, 'subsample': 0.8632998163420273, 'colsample_bytree': 0.9332795547954849}. Best is trial 204 with value: 0.9899952580754057.
[I 2023-09-23 22:51:11,470] Trial 322 finished with value: 0.9860603859786646 and parameters: {'n_estimators': 144, 'learning_rate': 0.09065915633571617, 'max_depth': 5, 'subsample': 0.8600930732340973, 'colsample_bytree': 0.8969155331051315}. Best is trial 204 with value: 0.9899952580754057.
[I 2023-09-23 22:54:27,623] Trial 323 finished with value: 0.9570903789600568 and parameters: {'n_estimators': 150, 'learning_rate': 0.038799684711280424, 'max_depth': 5, 'subsample': 0.853507632207227, 'colsample_bytree': 0.9605120814383337}. Best is trial 204 with value: 0.9899952580754057.
[I 2023-09-23 22:57:51,193] Trial 324 finished with value: 0.8943879651854129 and parameters: {'n_estimators': 147, 'learning_rate': 0.011382299718552466, 'max_depth': 5, 'subsample': 0.8598556183810178, 'colsample_bytree': 0.9957111145796628}. Best is trial 204 with value: 0.9899952580754057.
[I 2023-09-23 23:00:59,315] Trial 325 finished with value: 0.9866605897853565 and parameters: {'n_estimators': 145, 'learning_rate': 0.09441662672896431, 'max_depth': 5, 'subsample': 0.8111435352506352, 'colsample_bytree': 0.9996466173586507}. Best is trial 204 with value: 0.9899952580754057.
[I 2023-09-23 23:03:55,892] Trial 326 finished with value: 0.984154913417299 and parameters: {'n_estimators': 140, 'learning_rate': 0.08745354533537811, 'max_depth': 5, 'subsample': 0.8556626955521114, 'colsample_bytree': 0.9472241533288037}. Best is trial 204 with value: 0.9899952580754057.
[I 2023-09-23 23:06:59,950] Trial 327 finished with value: 0.9890236403713051 and parameters: {'n_estimators': 148, 'learning_rate': 0.09641854750467671, 'max_depth': 5, 'subsample': 0.8658574572105812, 'colsample_bytree': 0.9384140266954287}. Best is trial 204 with value: 0.9899952580754057.
[I 2023-09-23 23:09:59,966] Trial 328 finished with value: 0.987730470363031 and parameters: {'n_estimators': 143, 'learning_rate': 0.0984574765870948, 'max_depth': 5, 'subsample': 0.8310281244837782, 'colsample_bytree': 0.9525818796413484}. Best is trial 204 with value: 0.9899952580754057.
[I 2023-09-23 23:13:03,685] Trial 329 finished with value: 0.9858697286509681 and parameters: {'n_estimators': 150, 'learning_rate': 0.0960146188382532, 'max_depth': 5, 'subsample': 0.8459786212344248, 'colsample_bytree': 0.9101326759993775}. Best is trial 204 with value: 0.9899952580754057.
[I 2023-09-23 23:16:05,794] Trial 330 finished with value: 0.9887706517989988 and parameters: {'n_estimators': 146, 'learning_rate': 0.098207105414331, 'max_depth': 5, 'subsample': 0.8165516359806188, 'colsample_bytree': 0.9444829279909387}. Best is trial 204 with value: 0.9899952580754057.
[I 2023-09-23 23:19:10,991] Trial 331 finished with value: 0.9674122712970222 and parameters: {'n_estimators': 148, 'learning_rate': 0.05409525840328922, 'max_depth': 5, 'subsample': 0.8344214097586842, 'colsample_bytree': 0.9646796064821838}. Best is trial 204 with value: 0.9899952580754057.
[I 2023-09-23 23:22:15,505] Trial 332 finished with value: 0.9873792220460359 and parameters: {'n_estimators': 145, 'learning_rate': 0.0941607247380424, 'max_depth': 5, 'subsample': 0.8276071141080573, 'colsample_bytree': 0.9758747443411975}. Best is trial 204 with value: 0.9899952580754057.
[I 2023-09-23 23:25:19,025] Trial 333 finished with value: 0.9801874088163778 and parameters: {'n_estimators': 142, 'learning_rate': 0.07893649170124842, 'max_depth': 5, 'subsample': 0.8622551302681286, 'colsample_bytree': 0.9567722372173905}. Best is trial 204 with value: 0.9899952580754057.
[I 2023-09-23 23:27:51,131] Trial 334 finished with value: 0.9169298897407909 and parameters: {'n_estimators': 148, 'learning_rate': 0.05537193445812885, 'max_depth': 3, 'subsample': 0.8590546736680085, 'colsample_bytree': 0.9818641192192366}. Best is trial 204 with value: 0.9899952580754057.
[I 2023-09-23 23:31:00,943] Trial 335 finished with value: 0.9878899624737325 and parameters: {'n_estimators': 150, 'learning_rate': 0.09690154117262698, 'max_depth': 5, 'subsample': 0.8659649503112665, 'colsample_bytree': 0.9411138110991505}. Best is trial 204 with value: 0.9899952580754057.
[I 2023-09-23 23:34:04,586] Trial 336 finished with value: 0.9796484345398735 and parameters: {'n_estimators': 146, 'learning_rate': 0.07982557351707623, 'max_depth': 5, 'subsample': 0.8965175146080193, 'colsample_bytree': 0.8807852491594317}. Best is trial 204 with value: 0.9899952580754057.
[I 2023-09-23 23:37:14,489] Trial 337 finished with value: 0.9880421218110854 and parameters: {'n_estimators': 148, 'learning_rate': 0.09853849297065675, 'max_depth': 5, 'subsample': 0.853124957854513, 'colsample_bytree': 0.9497575891958763}. Best is trial 204 with value: 0.9899952580754057.
[I 2023-09-23 23:40:19,632] Trial 338 finished with value: 0.9884267360584108 and parameters: {'n_estimators': 143, 'learning_rate': 0.09981781288087603, 'max_depth': 5, 'subsample': 0.8504985185225727, 'colsample_bytree': 0.9697793735481829}. Best is trial 204 with value: 0.9899952580754057.
[I 2023-09-23 23:43:28,826] Trial 339 finished with value: 0.9873297227158686 and parameters: {'n_estimators': 150, 'learning_rate': 0.09562152884467832, 'max_depth': 5, 'subsample': 0.8075857315668615, 'colsample_bytree': 0.9369047406116019}. Best is trial 204 with value: 0.9899952580754057.
[I 2023-09-23 23:46:33,512] Trial 340 finished with value: 0.9705980795694276 and parameters: {'n_estimators': 145, 'learning_rate': 0.057094392243385465, 'max_depth': 5, 'subsample': 0.814116230577122, 'colsample_bytree': 0.9612647433593258}. Best is trial 204 with value: 0.9899952580754057.
[I 2023-09-23 23:49:40,632] Trial 341 finished with value: 0.9735202695814422 and parameters: {'n_estimators': 147, 'learning_rate': 0.06247745871736701, 'max_depth': 5, 'subsample': 0.8572769113341642, 'colsample_bytree': 0.9906517674913342}. Best is trial 204 with value: 0.9899952580754057.
[I 2023-09-23 23:52:48,463] Trial 342 finished with value: 0.9884971331745073 and parameters: {'n_estimators': 148, 'learning_rate': 0.09294117748828121, 'max_depth': 5, 'subsample': 0.9449327989983679, 'colsample_bytree': 0.9547027708245603}. Best is trial 204 with value: 0.9899952580754057.
[I 2023-09-23 23:55:55,201] Trial 343 finished with value: 0.9896414433378814 and parameters: {'n_estimators': 150, 'learning_rate': 0.09717576886833154, 'max_depth': 5, 'subsample': 0.8630138417727055, 'colsample_bytree': 0.9479043664942838}. Best is trial 204 with value: 0.9899952580754057.
[I 2023-09-23 23:59:00,268] Trial 344 finished with value: 0.9884711008711633 and parameters: {'n_estimators': 150, 'learning_rate': 0.09994007743795766, 'max_depth': 5, 'subsample': 0.8358154697052245, 'colsample_bytree': 0.9474455097147146}. Best is trial 204 with value: 0.9899952580754057.
[I 2023-09-24 00:02:09,905] Trial 345 finished with value: 0.986949143066864 and parameters: {'n_estimators': 150, 'learning_rate': 0.0888340340496241, 'max_depth': 5, 'subsample': 0.821201830619855, 'colsample_bytree': 0.9588417793974668}. Best is trial 204 with value: 0.9899952580754057.
[I 2023-09-24 00:04:13,874] Trial 346 finished with value: 0.9711707859956388 and parameters: {'n_estimators': 88, 'learning_rate': 0.0965802172525763, 'max_depth': 5, 'subsample': 0.8686050459773396, 'colsample_bytree': 0.9525808072002824}. Best is trial 204 with value: 0.9899952580754057.
[I 2023-09-24 00:06:57,865] Trial 347 finished with value: 0.9507235267327777 and parameters: {'n_estimators': 144, 'learning_rate': 0.0690914271554578, 'max_depth': 4, 'subsample': 0.8721457459901214, 'colsample_bytree': 0.9668746033348811}. Best is trial 204 with value: 0.9899952580754057.
[I 2023-09-24 00:09:56,111] Trial 348 finished with value: 0.9690614564489805 and parameters: {'n_estimators': 140, 'learning_rate': 0.05936582918332634, 'max_depth': 5, 'subsample': 0.8634652048633213, 'colsample_bytree': 0.9326572587606098}. Best is trial 204 with value: 0.9899952580754057.
[I 2023-09-24 00:11:25,750] Trial 349 finished with value: 0.9512111684723343 and parameters: {'n_estimators': 55, 'learning_rate': 0.09454261835005012, 'max_depth': 5, 'subsample': 0.97494692978049, 'colsample_bytree': 0.9268733109976517}. Best is trial 204 with value: 0.9899952580754057.
[I 2023-09-24 00:14:28,572] Trial 350 finished with value: 0.9881381840378676 and parameters: {'n_estimators': 146, 'learning_rate': 0.09750040118446689, 'max_depth': 5, 'subsample': 0.8652542115427173, 'colsample_bytree': 0.9488964144749693}. Best is trial 204 with value: 0.9899952580754057.
[I 2023-09-24 00:17:41,352] Trial 351 finished with value: 0.9754928391104272 and parameters: {'n_estimators': 148, 'learning_rate': 0.06506809296418903, 'max_depth': 5, 'subsample': 0.843891846132314, 'colsample_bytree': 0.9943982585285889}. Best is trial 204 with value: 0.9899952580754057.
[I 2023-09-24 00:20:53,689] Trial 352 finished with value: 0.9889440782107206 and parameters: {'n_estimators': 146, 'learning_rate': 0.09996732016573086, 'max_depth': 5, 'subsample': 0.8830574195969989, 'colsample_bytree': 0.9620687483743104}. Best is trial 204 with value: 0.9899952580754057.
[I 2023-09-24 00:24:14,294] Trial 353 finished with value: 0.9787838784578323 and parameters: {'n_estimators': 150, 'learning_rate': 0.07038366201018996, 'max_depth': 5, 'subsample': 0.8746487195640141, 'colsample_bytree': 0.9411217445979396}. Best is trial 204 with value: 0.9899952580754057.
[I 2023-09-24 00:27:26,195] Trial 354 finished with value: 0.983611539664048 and parameters: {'n_estimators': 143, 'learning_rate': 0.08511642623075473, 'max_depth': 5, 'subsample': 0.8121882953761375, 'colsample_bytree': 0.9566326943862238}. Best is trial 204 with value: 0.9899952580754057.
[I 2023-09-24 00:30:42,974] Trial 355 finished with value: 0.9882456109846643 and parameters: {'n_estimators': 148, 'learning_rate': 0.09575996397674014, 'max_depth': 5, 'subsample': 0.8022151892100549, 'colsample_bytree': 0.9767761708557781}. Best is trial 204 with value: 0.9899952580754057.
[I 2023-09-24 00:33:56,507] Trial 356 finished with value: 0.986809449775442 and parameters: {'n_estimators': 145, 'learning_rate': 0.0928784014135318, 'max_depth': 5, 'subsample': 0.867217805761341, 'colsample_bytree': 0.9852411921497355}. Best is trial 204 with value: 0.9899952580754057.
[I 2023-09-24 00:37:14,650] Trial 357 finished with value: 0.9877759355848796 and parameters: {'n_estimators': 150, 'learning_rate': 0.09807142845004725, 'max_depth': 5, 'subsample': 0.8930378114135884, 'colsample_bytree': 0.9224941572545173}. Best is trial 204 with value: 0.9899952580754057.
[I 2023-09-24 00:40:29,328] Trial 358 finished with value: 0.9884787999324486 and parameters: {'n_estimators': 147, 'learning_rate': 0.0967404813896283, 'max_depth': 5, 'subsample': 0.8715242623679259, 'colsample_bytree': 0.9455500823959249}. Best is trial 204 with value: 0.9899952580754057.
[I 2023-09-24 00:43:39,933] Trial 359 finished with value: 0.9775644036062514 and parameters: {'n_estimators': 142, 'learning_rate': 0.07643178255918331, 'max_depth': 5, 'subsample': 0.8275786872732273, 'colsample_bytree': 0.9525940371058919}. Best is trial 204 with value: 0.9899952580754057.
[I 2023-09-24 00:46:59,473] Trial 360 finished with value: 0.9795149742082343 and parameters: {'n_estimators': 145, 'learning_rate': 0.07282073236577696, 'max_depth': 5, 'subsample': 0.8371164747753895, 'colsample_bytree': 0.9364174030822724}. Best is trial 204 with value: 0.9899952580754057.
[I 2023-09-24 00:50:19,093] Trial 361 finished with value: 0.981499644035627 and parameters: {'n_estimators': 148, 'learning_rate': 0.07395938150655121, 'max_depth': 5, 'subsample': 0.8173476243326463, 'colsample_bytree': 0.9719205809668308}. Best is trial 204 with value: 0.9899952580754057.
[I 2023-09-24 00:52:14,516] Trial 362 finished with value: 0.9621471958721463 and parameters: {'n_estimators': 72, 'learning_rate': 0.09094575235761566, 'max_depth': 5, 'subsample': 0.8478063224322956, 'colsample_bytree': 0.9500618611501814}. Best is trial 204 with value: 0.9899952580754057.
[I 2023-09-24 00:55:18,978] Trial 363 finished with value: 0.9791780244381869 and parameters: {'n_estimators': 137, 'learning_rate': 0.08260220870346563, 'max_depth': 5, 'subsample': 0.8570335107240816, 'colsample_bytree': 0.917708228664394}. Best is trial 204 with value: 0.9899952580754057.
[I 2023-09-24 00:58:36,116] Trial 364 finished with value: 0.9872314617451676 and parameters: {'n_estimators': 150, 'learning_rate': 0.09468974833765076, 'max_depth': 5, 'subsample': 0.8788035827359698, 'colsample_bytree': 0.9652847043831984}. Best is trial 204 with value: 0.9899952580754057.
[I 2023-09-24 01:01:49,744] Trial 365 finished with value: 0.988307942586861 and parameters: {'n_estimators': 146, 'learning_rate': 0.09999899448395663, 'max_depth': 5, 'subsample': 0.8229498334927126, 'colsample_bytree': 0.9297955528245532}. Best is trial 204 with value: 0.9899952580754057.
[I 2023-09-24 01:05:01,382] Trial 366 finished with value: 0.9887849523657744 and parameters: {'n_estimators': 144, 'learning_rate': 0.09820820793908672, 'max_depth': 5, 'subsample': 0.862530517517078, 'colsample_bytree': 0.9824414541743808}. Best is trial 204 with value: 0.9899952580754057.
[I 2023-09-24 01:08:17,106] Trial 367 finished with value: 0.9874397168850763 and parameters: {'n_estimators': 148, 'learning_rate': 0.09664534911668617, 'max_depth': 5, 'subsample': 0.8682765140204782, 'colsample_bytree': 0.9585379488970945}. Best is trial 204 with value: 0.9899952580754057.
[I 2023-09-24 01:11:36,616] Trial 368 finished with value: 0.9883567056611027 and parameters: {'n_estimators': 150, 'learning_rate': 0.09847994855265851, 'max_depth': 5, 'subsample': 0.8078610883893507, 'colsample_bytree': 0.9450647785606171}. Best is trial 204 with value: 0.9899952580754057.
[I 2023-09-24 01:14:44,841] Trial 369 finished with value: 0.9811975246150061 and parameters: {'n_estimators': 142, 'learning_rate': 0.08228831944241244, 'max_depth': 5, 'subsample': 0.8842577259274198, 'colsample_bytree': 0.9901216849639469}. Best is trial 204 with value: 0.9899952580754057.
[I 2023-09-24 01:17:56,917] Trial 370 finished with value: 0.9864706650994044 and parameters: {'n_estimators': 147, 'learning_rate': 0.09529599156190521, 'max_depth': 5, 'subsample': 0.851892332549441, 'colsample_bytree': 0.9397315959135178}. Best is trial 204 with value: 0.9899952580754057.
[I 2023-09-24 01:21:06,964] Trial 371 finished with value: 0.9869711421175431 and parameters: {'n_estimators': 139, 'learning_rate': 0.09383238762880917, 'max_depth': 5, 'subsample': 0.90076215226691, 'colsample_bytree': 0.9545692001283261}. Best is trial 204 with value: 0.9899952580754057.
