[I 2023-09-23 10:06:13,181] Trial 74 finished with value: 0.987757236954901 and parameters: {'n_estimators': 150, 'learning_rate': 0.09436881673730341, 'max_depth': 5, 'subsample': 0.8811929408492011, 'colsample_bytree': 0.9680090450138343}. Best is trial 51 with value: 0.9899296291417368.
[I 2023-09-23 10:09:17,719] Trial 75 finished with value: 0.9867122872020747 and parameters: {'n_estimators': 141, 'learning_rate': 0.09732676605650047, 'max_depth': 5, 'subsample': 0.862311464795309, 'colsample_bytree': 0.9471224355217652}. Best is trial 51 with value: 0.9899296291417368.
[I 2023-09-23 10:12:21,366] Trial 76 finished with value: 0.9870661046766172 and parameters: {'n_estimators': 138, 'learning_rate': 0.09984368765352657, 'max_depth': 5, 'subsample': 0.858481520164486, 'colsample_bytree': 0.9312534534307801}. Best is trial 51 with value: 0.9899296291417368.
[I 2023-09-23 10:15:30,523] Trial 77 finished with value: 0.9864897310941132 and parameters: {'n_estimators': 144, 'learning_rate': 0.09047701020966185, 'max_depth': 5, 'subsample': 0.8734482073542585, 'colsample_bytree': 0.9760986438809154}. Best is trial 51 with value: 0.9899296291417368.
[I 2023-09-23 10:18:30,397] Trial 78 finished with value: 0.9831942940565519 and parameters: {'n_estimators': 136, 'learning_rate': 0.0937112892727962, 'max_depth': 5, 'subsample': 0.843387903870921, 'colsample_bytree': 0.9567344993233307}. Best is trial 51 with value: 0.9899296291417368.
[I 2023-09-23 10:21:45,014] Trial 79 finished with value: 0.9869198102480459 and parameters: {'n_estimators': 147, 'learning_rate': 0.09700069237817871, 'max_depth': 5, 'subsample': 0.866026467753957, 'colsample_bytree': 0.9505685394074118}. Best is trial 51 with value: 0.9899296291417368.
[I 2023-09-23 10:24:43,757] Trial 80 finished with value: 0.9836969682128288 and parameters: {'n_estimators': 133, 'learning_rate': 0.08840946891887137, 'max_depth': 5, 'subsample': 0.8799566599209004, 'colsample_bytree': 0.9634373814642622}. Best is trial 51 with value: 0.9899296291417368.
[I 2023-09-23 10:28:00,043] Trial 81 finished with value: 0.9888461818542883 and parameters: {'n_estimators': 148, 'learning_rate': 0.09773943136646367, 'max_depth': 5, 'subsample': 0.8751294853447809, 'colsample_bytree': 0.9563308204131384}. Best is trial 51 with value: 0.9899296291417368.
[I 2023-09-23 10:31:08,901] Trial 82 finished with value: 0.9873975541837428 and parameters: {'n_estimators': 144, 'learning_rate': 0.09531298963379926, 'max_depth': 5, 'subsample': 0.8495747218905819, 'colsample_bytree': 0.9650886891448259}. Best is trial 51 with value: 0.9899296291417368.
[I 2023-09-23 10:34:26,052] Trial 83 finished with value: 0.9891626008697478 and parameters: {'n_estimators': 150, 'learning_rate': 0.09836625256515794, 'max_depth': 5, 'subsample': 0.8887589244404914, 'colsample_bytree': 0.9408253310582708}. Best is trial 51 with value: 0.9899296291417368.
[I 2023-09-23 10:37:33,681] Trial 84 finished with value: 0.9867452865520805 and parameters: {'n_estimators': 141, 'learning_rate': 0.09851954249821106, 'max_depth': 5, 'subsample': 0.8834147678867793, 'colsample_bytree': 0.9414413269337154}. Best is trial 51 with value: 0.9899296291417368.
[I 2023-09-23 10:40:44,875] Trial 85 finished with value: 0.9849622738321347 and parameters: {'n_estimators': 146, 'learning_rate': 0.09061550414093941, 'max_depth': 5, 'subsample': 0.8903588179025834, 'colsample_bytree': 0.9341934847640008}. Best is trial 51 with value: 0.9899296291417368.
[I 2023-09-23 10:43:59,283] Trial 86 finished with value: 0.9868761801385393 and parameters: {'n_estimators': 148, 'learning_rate': 0.09263950794548326, 'max_depth': 5, 'subsample': 0.8965099428988045, 'colsample_bytree': 0.9470174001170384}. Best is trial 51 with value: 0.9899296291417368.
[I 2023-09-23 10:47:01,347] Trial 87 finished with value: 0.9862759743799069 and parameters: {'n_estimators': 138, 'learning_rate': 0.09854540116454027, 'max_depth': 5, 'subsample': 0.9041956029547328, 'colsample_bytree': 0.9587109773512129}. Best is trial 51 with value: 0.9899296291417368.
[I 2023-09-23 10:50:11,544] Trial 88 finished with value: 0.9874378855885627 and parameters: {'n_estimators': 143, 'learning_rate': 0.09339289890207438, 'max_depth': 5, 'subsample': 0.8658127597118694, 'colsample_bytree': 0.9378063758613701}. Best is trial 51 with value: 0.9899296291417368.
[I 2023-09-23 10:53:13,564] Trial 89 finished with value: 0.9846748198278128 and parameters: {'n_estimators': 135, 'learning_rate': 0.09461095415787539, 'max_depth': 5, 'subsample': 0.8903068030485721, 'colsample_bytree': 0.9433158005556858}. Best is trial 51 with value: 0.9899296291417368.
[I 2023-09-23 10:55:21,626] Trial 90 finished with value: 0.9640229695223548 and parameters: {'n_estimators': 85, 'learning_rate': 0.08455739586821974, 'max_depth': 5, 'subsample': 0.8841544694171821, 'colsample_bytree': 0.9679471414012984}. Best is trial 51 with value: 0.9899296291417368.
[I 2023-09-23 10:58:39,694] Trial 91 finished with value: 0.9887072225327905 and parameters: {'n_estimators': 150, 'learning_rate': 0.09744612348222596, 'max_depth': 5, 'subsample': 0.8754277598830909, 'colsample_bytree': 0.9537876266126617}. Best is trial 51 with value: 0.9899296291417368.
[I 2023-09-23 11:01:51,662] Trial 92 finished with value: 0.9882474459726576 and parameters: {'n_estimators': 146, 'learning_rate': 0.0999885130348933, 'max_depth': 5, 'subsample': 0.872433295045033, 'colsample_bytree': 0.9594291590224475}. Best is trial 51 with value: 0.9899296291417368.
[I 2023-09-23 11:05:06,490] Trial 93 finished with value: 0.9890676372486675 and parameters: {'n_estimators': 148, 'learning_rate': 0.09774292052732418, 'max_depth': 5, 'subsample': 0.8721124820614105, 'colsample_bytree': 0.9593134737911613}. Best is trial 51 with value: 0.9899296291417368.
[I 2023-09-23 11:08:24,127] Trial 94 finished with value: 0.9894573856585092 and parameters: {'n_estimators': 148, 'learning_rate': 0.09733507654259184, 'max_depth': 5, 'subsample': 0.8697089916691088, 'colsample_bytree': 0.9460050885356298}. Best is trial 51 with value: 0.9899296291417368.
[I 2023-09-23 11:11:39,057] Trial 95 finished with value: 0.9882272799123244 and parameters: {'n_estimators': 148, 'learning_rate': 0.09792157974145718, 'max_depth': 5, 'subsample': 0.870176067090561, 'colsample_bytree': 0.9560163778681716}. Best is trial 51 with value: 0.9899296291417368.
[I 2023-09-23 11:14:47,193] Trial 96 finished with value: 0.9852141615268527 and parameters: {'n_estimators': 141, 'learning_rate': 0.0912962494584277, 'max_depth': 5, 'subsample': 0.8627367944958246, 'colsample_bytree': 0.9477150642106028}. Best is trial 51 with value: 0.9899296291417368.
[I 2023-09-23 11:16:19,769] Trial 97 finished with value: 0.9542774525168426 and parameters: {'n_estimators': 52, 'learning_rate': 0.0978896924250677, 'max_depth': 5, 'subsample': 0.8775248994209262, 'colsample_bytree': 0.9670506021952302}. Best is trial 51 with value: 0.9899296291417368.
[I 2023-09-23 11:19:25,785] Trial 98 finished with value: 0.9866708563493418 and parameters: {'n_estimators': 139, 'learning_rate': 0.09548144222393315, 'max_depth': 5, 'subsample': 0.8590953996525623, 'colsample_bytree': 0.9615117834284437}. Best is trial 51 with value: 0.9899296291417368.
[I 2023-09-23 11:22:12,099] Trial 99 finished with value: 0.9628749933648452 and parameters: {'n_estimators': 143, 'learning_rate': 0.08686447344964474, 'max_depth': 4, 'subsample': 0.8725248800090202, 'colsample_bytree': 0.97222896152779}. Best is trial 51 with value: 0.9899296291417368.
[I 2023-09-23 11:24:44,962] Trial 100 finished with value: 0.9369467045256542 and parameters: {'n_estimators': 148, 'learning_rate': 0.09225336459177472, 'max_depth': 3, 'subsample': 0.8542740083031406, 'colsample_bytree': 0.9517936486148366}. Best is trial 51 with value: 0.9899296291417368.
[I 2023-09-23 11:27:57,098] Trial 101 finished with value: 0.989207331461615 and parameters: {'n_estimators': 150, 'learning_rate': 0.09817562991383245, 'max_depth': 5, 'subsample': 0.8844948063811484, 'colsample_bytree': 0.9397122304372306}. Best is trial 51 with value: 0.9899296291417368.
[I 2023-09-23 11:31:04,092] Trial 102 finished with value: 0.987254560905161 and parameters: {'n_estimators': 145, 'learning_rate': 0.09593691755827191, 'max_depth': 5, 'subsample': 0.8675913081769839, 'colsample_bytree': 0.9405456540801719}. Best is trial 51 with value: 0.9899296291417368.
[I 2023-09-23 11:34:12,833] Trial 103 finished with value: 0.9887405880356297 and parameters: {'n_estimators': 150, 'learning_rate': 0.09836910607323361, 'max_depth': 5, 'subsample': 0.8775617635622939, 'colsample_bytree': 0.9458328649662968}. Best is trial 51 with value: 0.9899296291417368.
[I 2023-09-23 11:37:22,489] Trial 104 finished with value: 0.9879592606372949 and parameters: {'n_estimators': 150, 'learning_rate': 0.09769005141436811, 'max_depth': 5, 'subsample': 0.8803996387091322, 'colsample_bytree': 0.9453076103855709}. Best is trial 51 with value: 0.9899296291417368.
[I 2023-09-23 11:40:30,070] Trial 105 finished with value: 0.9879442271894874 and parameters: {'n_estimators': 148, 'learning_rate': 0.09851960126477348, 'max_depth': 5, 'subsample': 0.8821580001468821, 'colsample_bytree': 0.9560013958246508}. Best is trial 51 with value: 0.9899296291417368.
[I 2023-09-23 11:43:37,149] Trial 106 finished with value: 0.9880901535354661 and parameters: {'n_estimators': 146, 'learning_rate': 0.09455483205804065, 'max_depth': 5, 'subsample': 0.8757948275396281, 'colsample_bytree': 0.947775843286462}. Best is trial 51 with value: 0.9899296291417368.
[I 2023-09-23 11:46:39,414] Trial 107 finished with value: 0.9855720101394579 and parameters: {'n_estimators': 143, 'learning_rate': 0.09203512091773756, 'max_depth': 5, 'subsample': 0.8884456898296926, 'colsample_bytree': 0.9599724284702893}. Best is trial 51 with value: 0.9899296291417368.
[I 2023-09-23 11:49:39,335] Trial 108 finished with value: 0.985240927162917 and parameters: {'n_estimators': 140, 'learning_rate': 0.08944643269710409, 'max_depth': 5, 'subsample': 0.892843085704113, 'colsample_bytree': 0.9519612177504976}. Best is trial 51 with value: 0.9899296291417368.
[I 2023-09-23 11:52:46,339] Trial 109 finished with value: 0.9872252293936858 and parameters: {'n_estimators': 148, 'learning_rate': 0.09572772755364091, 'max_depth': 5, 'subsample': 0.8708653162481704, 'colsample_bytree': 0.9651237882437453}. Best is trial 51 with value: 0.9899296291417368.
[I 2023-09-23 11:55:55,692] Trial 110 finished with value: 0.9895677474324067 and parameters: {'n_estimators': 150, 'learning_rate': 0.09858869243275388, 'max_depth': 5, 'subsample': 0.8609163110414004, 'colsample_bytree': 0.9369717635947337}. Best is trial 51 with value: 0.9899296291417368.
[I 2023-09-23 11:59:04,266] Trial 111 finished with value: 0.9881205855037601 and parameters: {'n_estimators': 150, 'learning_rate': 0.09829273996706342, 'max_depth': 5, 'subsample': 0.863396817071869, 'colsample_bytree': 0.9362483225171946}. Best is trial 51 with value: 0.9899296291417368.
[I 2023-09-23 12:02:08,552] Trial 112 finished with value: 0.9886412258243762 and parameters: {'n_estimators': 146, 'learning_rate': 0.09992644195755213, 'max_depth': 5, 'subsample': 0.8778578128800986, 'colsample_bytree': 0.9413459179161819}. Best is trial 51 with value: 0.9899296291417368.
[I 2023-09-23 12:05:11,095] Trial 113 finished with value: 0.9868406133449831 and parameters: {'n_estimators': 144, 'learning_rate': 0.09301250447268113, 'max_depth': 5, 'subsample': 0.8606107901619084, 'colsample_bytree': 0.9511830296144432}. Best is trial 51 with value: 0.9899296291417368.
[I 2023-09-23 12:08:19,890] Trial 114 finished with value: 0.9881297504958197 and parameters: {'n_estimators': 150, 'learning_rate': 0.0955330234363944, 'max_depth': 5, 'subsample': 0.8852538015630833, 'colsample_bytree': 0.9452257828348954}. Best is trial 51 with value: 0.9899296291417368.
[I 2023-09-23 12:10:50,559] Trial 115 finished with value: 0.9812748882259248 and parameters: {'n_estimators': 112, 'learning_rate': 0.09999042949321273, 'max_depth': 5, 'subsample': 0.8659354408078773, 'colsample_bytree': 0.9554738450924611}. Best is trial 51 with value: 0.9899296291417368.
[I 2023-09-23 12:13:52,973] Trial 116 finished with value: 0.9872732589207892 and parameters: {'n_estimators': 142, 'learning_rate': 0.09735163931467347, 'max_depth': 5, 'subsample': 0.8742733084537911, 'colsample_bytree': 0.9324209969919629}. Best is trial 51 with value: 0.9899296291417368.
[I 2023-09-23 12:16:58,487] Trial 117 finished with value: 0.986741985902175 and parameters: {'n_estimators': 148, 'learning_rate': 0.09483539383417453, 'max_depth': 5, 'subsample': 0.855441579787708, 'colsample_bytree': 0.9382370226708098}. Best is trial 51 with value: 0.9899296291417368.
[I 2023-09-23 12:20:02,450] Trial 118 finished with value: 0.9884366355977765 and parameters: {'n_estimators': 146, 'learning_rate': 0.09819394101430971, 'max_depth': 5, 'subsample': 0.8818269922229466, 'colsample_bytree': 0.949197922553411}. Best is trial 51 with value: 0.9899296291417368.
[I 2023-09-23 12:21:54,751] Trial 119 finished with value: 0.9652164123394542 and parameters: {'n_estimators': 76, 'learning_rate': 0.09357379181284722, 'max_depth': 5, 'subsample': 0.8703058070807075, 'colsample_bytree': 0.95971460328066}. Best is trial 51 with value: 0.9899296291417368.
[I 2023-09-23 12:24:58,218] Trial 120 finished with value: 0.9842528076403086 and parameters: {'n_estimators': 144, 'learning_rate': 0.08969919929641329, 'max_depth': 5, 'subsample': 0.8744564339930637, 'colsample_bytree': 0.9430471499249933}. Best is trial 51 with value: 0.9899296291417368.
[I 2023-09-23 12:28:03,527] Trial 121 finished with value: 0.9892791949379938 and parameters: {'n_estimators': 146, 'learning_rate': 0.09980692003084762, 'max_depth': 5, 'subsample': 0.8785599442090121, 'colsample_bytree': 0.9408432107102459}. Best is trial 51 with value: 0.9899296291417368.
[I 2023-09-23 12:31:09,869] Trial 122 finished with value: 0.9880692535589816 and parameters: {'n_estimators': 148, 'learning_rate': 0.09663584733621769, 'max_depth': 5, 'subsample': 0.878701721490356, 'colsample_bytree': 0.9556292081726442}. Best is trial 51 with value: 0.9899296291417368.
[I 2023-09-23 12:34:18,467] Trial 123 finished with value: 0.9882177464901677 and parameters: {'n_estimators': 150, 'learning_rate': 0.09827573137166294, 'max_depth': 5, 'subsample': 0.8869275695330898, 'colsample_bytree': 0.9280901745891712}. Best is trial 51 with value: 0.9899296291417368.
[I 2023-09-23 12:37:17,347] Trial 124 finished with value: 0.9884018035740099 and parameters: {'n_estimators': 141, 'learning_rate': 0.09993009916818797, 'max_depth': 5, 'subsample': 0.865355274875498, 'colsample_bytree': 0.9361588389390959}. Best is trial 51 with value: 0.9899296291417368.
[I 2023-09-23 12:40:21,671] Trial 125 finished with value: 0.9880905200680674 and parameters: {'n_estimators': 146, 'learning_rate': 0.09630866484943611, 'max_depth': 5, 'subsample': 0.868828897016346, 'colsample_bytree': 0.9487697562569471}. Best is trial 51 with value: 0.9899296291417368.
[I 2023-09-23 12:43:22,727] Trial 126 finished with value: 0.9860185886423979 and parameters: {'n_estimators': 143, 'learning_rate': 0.09400728498871017, 'max_depth': 5, 'subsample': 0.8593217069404581, 'colsample_bytree': 0.9621762958943888}. Best is trial 51 with value: 0.9899296291417368.
[I 2023-09-23 12:46:29,813] Trial 127 finished with value: 0.9861857789741897 and parameters: {'n_estimators': 148, 'learning_rate': 0.09086123168664369, 'max_depth': 5, 'subsample': 0.8899281088451009, 'colsample_bytree': 0.9402902478979498}. Best is trial 51 with value: 0.9899296291417368.
[I 2023-09-23 12:49:25,441] Trial 128 finished with value: 0.9863716702690131 and parameters: {'n_estimators': 138, 'learning_rate': 0.09668044409826744, 'max_depth': 5, 'subsample': 0.882416343792919, 'colsample_bytree': 0.923752261759554}. Best is trial 51 with value: 0.9899296291417368.
[I 2023-09-23 12:52:29,416] Trial 129 finished with value: 0.9877660359762818 and parameters: {'n_estimators': 145, 'learning_rate': 0.09816782361909528, 'max_depth': 5, 'subsample': 0.8962667655838609, 'colsample_bytree': 0.9314305749600342}. Best is trial 51 with value: 0.9899296291417368.
[I 2023-09-23 12:55:37,543] Trial 130 finished with value: 0.9870085394460603 and parameters: {'n_estimators': 150, 'learning_rate': 0.09206171622624246, 'max_depth': 5, 'subsample': 0.874511573680312, 'colsample_bytree': 0.9524968275499559}. Best is trial 51 with value: 0.9899296291417368.
[I 2023-09-23 12:58:43,681] Trial 131 finished with value: 0.9889686433848359 and parameters: {'n_estimators': 146, 'learning_rate': 0.09988749511860959, 'max_depth': 5, 'subsample': 0.8781175188248262, 'colsample_bytree': 0.9438031449509637}. Best is trial 51 with value: 0.9899296291417368.
[I 2023-09-23 13:01:49,166] Trial 132 finished with value: 0.9864548994191955 and parameters: {'n_estimators': 147, 'learning_rate': 0.09525082790319228, 'max_depth': 5, 'subsample': 0.8689844381425681, 'colsample_bytree': 0.9454146965745637}. Best is trial 51 with value: 0.9899296291417368.
[I 2023-09-23 13:04:49,403] Trial 133 finished with value: 0.9875218482166513 and parameters: {'n_estimators': 141, 'learning_rate': 0.09833800787620803, 'max_depth': 5, 'subsample': 0.8777363800075686, 'colsample_bytree': 0.9424943703866683}. Best is trial 51 with value: 0.9899296291417368.
[I 2023-09-23 13:07:51,286] Trial 134 finished with value: 0.9871137681523828 and parameters: {'n_estimators': 144, 'learning_rate': 0.09996127924365204, 'max_depth': 5, 'subsample': 0.884863851285272, 'colsample_bytree': 0.9703651355296667}. Best is trial 51 with value: 0.9899296291417368.
[I 2023-09-23 13:10:11,404] Trial 135 finished with value: 0.9772765855818466 and parameters: {'n_estimators': 102, 'learning_rate': 0.09672161396275196, 'max_depth': 5, 'subsample': 0.8630973478227043, 'colsample_bytree': 0.9496741241341798}. Best is trial 51 with value: 0.9899296291417368.
[I 2023-09-23 13:13:19,193] Trial 136 finished with value: 0.9858979596995752 and parameters: {'n_estimators': 148, 'learning_rate': 0.09408607115532899, 'max_depth': 5, 'subsample': 0.8795893959075322, 'colsample_bytree': 0.9578089011130227}. Best is trial 51 with value: 0.9899296291417368.
[I 2023-09-23 13:16:23,589] Trial 137 finished with value: 0.9881506495689271 and parameters: {'n_estimators': 146, 'learning_rate': 0.09614445997309173, 'max_depth': 5, 'subsample': 0.8714798825406973, 'colsample_bytree': 0.935672454224717}. Best is trial 51 with value: 0.9899296291417368.
[I 2023-09-23 13:19:32,016] Trial 138 finished with value: 0.9877433037118537 and parameters: {'n_estimators': 150, 'learning_rate': 0.09836872678057156, 'max_depth': 5, 'subsample': 0.8922078988374813, 'colsample_bytree': 0.9537855834720274}. Best is trial 51 with value: 0.9899296291417368.
[I 2023-09-23 13:21:13,445] Trial 139 finished with value: 0.9460260222608927 and parameters: {'n_estimators': 63, 'learning_rate': 0.06993091144031696, 'max_depth': 5, 'subsample': 0.9007422851118548, 'colsample_bytree': 0.9461935675996825}. Best is trial 51 with value: 0.9899296291417368.
[I 2023-09-23 13:24:11,903] Trial 140 finished with value: 0.9862532418069595 and parameters: {'n_estimators': 142, 'learning_rate': 0.09339099281763477, 'max_depth': 5, 'subsample': 0.8873355580185072, 'colsample_bytree': 0.9657219272402431}. Best is trial 51 with value: 0.9899296291417368.
[I 2023-09-23 13:27:12,555] Trial 141 finished with value: 0.988821982736888 and parameters: {'n_estimators': 146, 'learning_rate': 0.09990968341152927, 'max_depth': 5, 'subsample': 0.8770582440435404, 'colsample_bytree': 0.9385935579329633}. Best is trial 51 with value: 0.9899296291417368.
[I 2023-09-23 13:30:14,669] Trial 142 finished with value: 0.9892586618147285 and parameters: {'n_estimators': 147, 'learning_rate': 0.09833960173581618, 'max_depth': 5, 'subsample': 0.8752951164064203, 'colsample_bytree': 0.9408417871772179}. Best is trial 51 with value: 0.9899296291417368.
[I 2023-09-23 13:33:13,877] Trial 143 finished with value: 0.9872208280382638 and parameters: {'n_estimators': 145, 'learning_rate': 0.09969921314669683, 'max_depth': 5, 'subsample': 0.882149970508573, 'colsample_bytree': 0.9395580575566819}. Best is trial 51 with value: 0.9899296291417368.
[I 2023-09-23 13:36:09,334] Trial 144 finished with value: 0.9877238709721425 and parameters: {'n_estimators': 139, 'learning_rate': 0.09993493174857436, 'max_depth': 5, 'subsample': 0.8662933181441184, 'colsample_bytree': 0.9433307960409517}. Best is trial 51 with value: 0.9899296291417368.
[I 2023-09-23 13:39:13,417] Trial 145 finished with value: 0.9855316793590708 and parameters: {'n_estimators': 147, 'learning_rate': 0.09500778595239184, 'max_depth': 5, 'subsample': 0.8719620125160589, 'colsample_bytree': 0.931962632061791}. Best is trial 51 with value: 0.9899296291417368.
[I 2023-09-23 13:42:14,112] Trial 146 finished with value: 0.9891090689483166 and parameters: {'n_estimators': 143, 'learning_rate': 0.09778507029285743, 'max_depth': 5, 'subsample': 0.8579255804356609, 'colsample_bytree': 0.9380323908324123}. Best is trial 51 with value: 0.9899296291417368.
[I 2023-09-23 13:45:08,358] Trial 147 finished with value: 0.9868655453803837 and parameters: {'n_estimators': 136, 'learning_rate': 0.09648318860235314, 'max_depth': 5, 'subsample': 0.8524235473605444, 'colsample_bytree': 0.9354256209621061}. Best is trial 51 with value: 0.9899296291417368.
[I 2023-09-23 13:48:09,220] Trial 148 finished with value: 0.9726366465435096 and parameters: {'n_estimators': 140, 'learning_rate': 0.0640118559736591, 'max_depth': 5, 'subsample': 0.8569250476472006, 'colsample_bytree': 0.9283140660741555}. Best is trial 51 with value: 0.9899296291417368.
