[I 2023-09-24 01:24:21,503] Trial 372 finished with value: 0.989414488760735 and parameters: {'n_estimators': 148, 'learning_rate': 0.09829837606346194, 'max_depth': 5, 'subsample': 0.8406839071575959, 'colsample_bytree': 0.9346550514391034}. Best is trial 204 with value: 0.9899952580754057.
[I 2023-09-24 01:27:35,035] Trial 373 finished with value: 0.9884714677573185 and parameters: {'n_estimators': 148, 'learning_rate': 0.09802466289639232, 'max_depth': 5, 'subsample': 0.8299449061654046, 'colsample_bytree': 0.9341580721318693}. Best is trial 204 with value: 0.9899952580754057.
[I 2023-09-24 01:30:48,737] Trial 374 finished with value: 0.9877007724876657 and parameters: {'n_estimators': 150, 'learning_rate': 0.09629539695939406, 'max_depth': 5, 'subsample': 0.8728708581322651, 'colsample_bytree': 0.9431273010044037}. Best is trial 204 with value: 0.9899952580754057.
[I 2023-09-24 01:34:00,225] Trial 375 finished with value: 0.9886368251135519 and parameters: {'n_estimators': 148, 'learning_rate': 0.09993018098887949, 'max_depth': 5, 'subsample': 0.9988605334291476, 'colsample_bytree': 0.9999599529892251}. Best is trial 204 with value: 0.9899952580754057.
[I 2023-09-24 01:37:11,959] Trial 376 finished with value: 0.9887948512551656 and parameters: {'n_estimators': 146, 'learning_rate': 0.09819291278552257, 'max_depth': 5, 'subsample': 0.8471560201539015, 'colsample_bytree': 0.9484622185238087}. Best is trial 204 with value: 0.9899952580754057.
[I 2023-09-24 01:40:27,266] Trial 377 finished with value: 0.9883585396119594 and parameters: {'n_estimators': 150, 'learning_rate': 0.09999296098429043, 'max_depth': 5, 'subsample': 0.811986314319902, 'colsample_bytree': 0.9604548257398466}. Best is trial 204 with value: 0.9899952580754057.
[I 2023-09-24 01:43:40,360] Trial 378 finished with value: 0.9866096256314549 and parameters: {'n_estimators': 146, 'learning_rate': 0.09191664065313523, 'max_depth': 5, 'subsample': 0.888558174272595, 'colsample_bytree': 0.9531623518593533}. Best is trial 204 with value: 0.9899952580754057.
[I 2023-09-24 01:46:35,513] Trial 379 finished with value: 0.9711586874367704 and parameters: {'n_estimators': 148, 'learning_rate': 0.09649696027721567, 'max_depth': 4, 'subsample': 0.8405377280522756, 'colsample_bytree': 0.978576462460336}. Best is trial 204 with value: 0.9899952580754057.
[I 2023-09-24 01:49:57,815] Trial 380 finished with value: 0.975873421107272 and parameters: {'n_estimators': 145, 'learning_rate': 0.06900673902265192, 'max_depth': 5, 'subsample': 0.843304605098992, 'colsample_bytree': 0.9283155735995661}. Best is trial 204 with value: 0.9899952580754057.
[I 2023-09-24 01:53:17,498] Trial 381 finished with value: 0.9888604809066972 and parameters: {'n_estimators': 150, 'learning_rate': 0.09505785707828919, 'max_depth': 5, 'subsample': 0.8767871909640883, 'colsample_bytree': 0.9871013913207336}. Best is trial 204 with value: 0.9899952580754057.
[I 2023-09-24 01:56:41,282] Trial 382 finished with value: 0.9473844569078411 and parameters: {'n_estimators': 148, 'learning_rate': 0.032691318123369714, 'max_depth': 5, 'subsample': 0.866130310359683, 'colsample_bytree': 0.8088046321770122}. Best is trial 204 with value: 0.9899952580754057.
[I 2023-09-24 01:59:41,626] Trial 383 finished with value: 0.9847529183873144 and parameters: {'n_estimators': 131, 'learning_rate': 0.09828159485111054, 'max_depth': 5, 'subsample': 0.8196066488236989, 'colsample_bytree': 0.9944158204880016}. Best is trial 204 with value: 0.9899952580754057.
[I 2023-09-24 02:02:54,614] Trial 384 finished with value: 0.9852328597253074 and parameters: {'n_estimators': 144, 'learning_rate': 0.08753911914337542, 'max_depth': 5, 'subsample': 0.9195638746437746, 'colsample_bytree': 0.9695496088779902}. Best is trial 204 with value: 0.9899952580754057.
[I 2023-09-24 02:05:23,930] Trial 385 finished with value: 0.9467112905882169 and parameters: {'n_estimators': 101, 'learning_rate': 0.04766636799902525, 'max_depth': 5, 'subsample': 0.8618086211403139, 'colsample_bytree': 0.8421440803885756}. Best is trial 204 with value: 0.9899952580754057.
[I 2023-09-24 02:08:48,419] Trial 386 finished with value: 0.989348491089794 and parameters: {'n_estimators': 147, 'learning_rate': 0.09688953216453608, 'max_depth': 5, 'subsample': 0.8698734562916655, 'colsample_bytree': 0.9371751047226852}. Best is trial 204 with value: 0.9899952580754057.
[I 2023-09-24 02:12:04,736] Trial 387 finished with value: 0.9856057417870645 and parameters: {'n_estimators': 146, 'learning_rate': 0.09320081869569878, 'max_depth': 5, 'subsample': 0.8712900331911335, 'colsample_bytree': 0.9372677641195916}. Best is trial 204 with value: 0.9899952580754057.
[I 2023-09-24 02:14:57,319] Trial 388 finished with value: 0.9604448475985397 and parameters: {'n_estimators': 121, 'learning_rate': 0.05376482203875231, 'max_depth': 5, 'subsample': 0.8808016036386195, 'colsample_bytree': 0.9330528402032096}. Best is trial 204 with value: 0.9899952580754057.
[I 2023-09-24 02:17:30,220] Trial 389 finished with value: 0.9758528887549696 and parameters: {'n_estimators': 106, 'learning_rate': 0.09618417126579376, 'max_depth': 5, 'subsample': 0.8739511230390659, 'colsample_bytree': 0.9413788096222403}. Best is trial 204 with value: 0.9899952580754057.
[I 2023-09-24 02:20:50,865] Trial 390 finished with value: 0.98642556952896 and parameters: {'n_estimators': 150, 'learning_rate': 0.09071295664895294, 'max_depth': 5, 'subsample': 0.8686612766682714, 'colsample_bytree': 0.9455416602604494}. Best is trial 204 with value: 0.9899952580754057.
[I 2023-09-24 02:24:05,191] Trial 391 finished with value: 0.9841307140377576 and parameters: {'n_estimators': 144, 'learning_rate': 0.08583564749103399, 'max_depth': 5, 'subsample': 0.8761916697323926, 'colsample_bytree': 0.9388258624983579}. Best is trial 204 with value: 0.9899952580754057.
[I 2023-09-24 02:27:24,277] Trial 392 finished with value: 0.9883860379946242 and parameters: {'n_estimators': 147, 'learning_rate': 0.0999797607049612, 'max_depth': 5, 'subsample': 0.866890516048306, 'colsample_bytree': 0.9297568471806665}. Best is trial 204 with value: 0.9899952580754057.
[I 2023-09-24 02:29:59,167] Trial 393 finished with value: 0.9271065892742104 and parameters: {'n_estimators': 141, 'learning_rate': 0.07721391117890133, 'max_depth': 3, 'subsample': 0.8162029986802718, 'colsample_bytree': 0.9428039484898322}. Best is trial 204 with value: 0.9899952580754057.
[I 2023-09-24 02:33:21,518] Trial 394 finished with value: 0.9668058336150713 and parameters: {'n_estimators': 146, 'learning_rate': 0.05299944870935115, 'max_depth': 5, 'subsample': 0.8051353005131604, 'colsample_bytree': 0.9251006976298812}. Best is trial 204 with value: 0.9899952580754057.
[I 2023-09-24 02:36:40,481] Trial 395 finished with value: 0.987051071066148 and parameters: {'n_estimators': 149, 'learning_rate': 0.09444196696069344, 'max_depth': 5, 'subsample': 0.8720132191105466, 'colsample_bytree': 0.9493197712635209}. Best is trial 204 with value: 0.9899952580754057.
[I 2023-09-24 02:39:57,191] Trial 396 finished with value: 0.9803073012518884 and parameters: {'n_estimators': 144, 'learning_rate': 0.08010088720782368, 'max_depth': 5, 'subsample': 0.8373701248946674, 'colsample_bytree': 0.9357010282424116}. Best is trial 204 with value: 0.9899952580754057.
[I 2023-09-24 02:43:17,385] Trial 397 finished with value: 0.9881458831327604 and parameters: {'n_estimators': 148, 'learning_rate': 0.09674039020391363, 'max_depth': 5, 'subsample': 0.8634465163950897, 'colsample_bytree': 0.9815446267062348}. Best is trial 204 with value: 0.9899952580754057.
[I 2023-09-24 02:46:46,968] Trial 398 finished with value: 0.9765355902860294 and parameters: {'n_estimators': 150, 'learning_rate': 0.06737274849873129, 'max_depth': 5, 'subsample': 0.8244455775298573, 'colsample_bytree': 0.9742138186498559}. Best is trial 204 with value: 0.9899952580754057.
[I 2023-09-24 02:50:05,187] Trial 399 finished with value: 0.9858088648212531 and parameters: {'n_estimators': 146, 'learning_rate': 0.09849188681831572, 'max_depth': 5, 'subsample': 0.8782282280289829, 'colsample_bytree': 0.9211832215013178}. Best is trial 204 with value: 0.9899952580754057.
[I 2023-09-24 02:53:28,842] Trial 400 finished with value: 0.96464407330822 and parameters: {'n_estimators': 148, 'learning_rate': 0.050925321547540384, 'max_depth': 5, 'subsample': 0.8687938300325111, 'colsample_bytree': 0.9129274619259446}. Best is trial 204 with value: 0.9899952580754057.
[I 2023-09-24 02:56:47,160] Trial 401 finished with value: 0.9721204058004632 and parameters: {'n_estimators': 144, 'learning_rate': 0.06148080341032698, 'max_depth': 5, 'subsample': 0.8960956078307919, 'colsample_bytree': 0.9455855054508181}. Best is trial 204 with value: 0.9899952580754057.
[I 2023-09-24 03:00:10,446] Trial 402 finished with value: 0.9892040300965359 and parameters: {'n_estimators': 150, 'learning_rate': 0.09703898881180313, 'max_depth': 5, 'subsample': 0.8109992768769804, 'colsample_bytree': 0.991650903648302}. Best is trial 204 with value: 0.9899952580754057.
[I 2023-09-24 03:03:33,767] Trial 403 finished with value: 0.9874906830258705 and parameters: {'n_estimators': 150, 'learning_rate': 0.09368418886509988, 'max_depth': 5, 'subsample': 0.8826072290776391, 'colsample_bytree': 0.9918905763261107}. Best is trial 204 with value: 0.9899952580754057.
[I 2023-09-24 03:06:59,893] Trial 404 finished with value: 0.9872365947354446 and parameters: {'n_estimators': 150, 'learning_rate': 0.0892853353429642, 'max_depth': 5, 'subsample': 0.8066980061683893, 'colsample_bytree': 0.9399458798482949}. Best is trial 204 with value: 0.9899952580754057.
[I 2023-09-24 03:10:21,855] Trial 405 finished with value: 0.9884238039219497 and parameters: {'n_estimators': 148, 'learning_rate': 0.0952022709069524, 'max_depth': 5, 'subsample': 0.8645887874376885, 'colsample_bytree': 0.9556858886852225}. Best is trial 204 with value: 0.9899952580754057.
[I 2023-09-24 03:13:43,362] Trial 406 finished with value: 0.9883354409513778 and parameters: {'n_estimators': 150, 'learning_rate': 0.09665415066273533, 'max_depth': 5, 'subsample': 0.8745489823936012, 'colsample_bytree': 0.9017545244925441}. Best is trial 204 with value: 0.9899952580754057.
[I 2023-09-24 03:17:00,394] Trial 407 finished with value: 0.9863309740516385 and parameters: {'n_estimators': 147, 'learning_rate': 0.09205518523146808, 'max_depth': 5, 'subsample': 0.9313358796928378, 'colsample_bytree': 0.9325891390822787}. Best is trial 204 with value: 0.9899952580754057.
[I 2023-09-24 03:20:19,437] Trial 408 finished with value: 0.9828654106029584 and parameters: {'n_estimators': 148, 'learning_rate': 0.08277710260768603, 'max_depth': 5, 'subsample': 0.8867363428946022, 'colsample_bytree': 0.9501325097880449}. Best is trial 204 with value: 0.9899952580754057.
[I 2023-09-24 03:23:44,140] Trial 409 finished with value: 0.9896297105823253 and parameters: {'n_estimators': 150, 'learning_rate': 0.09712646420523702, 'max_depth': 5, 'subsample': 0.8506522942320824, 'colsample_bytree': 0.9523319628441612}. Best is trial 204 with value: 0.9899952580754057.
[I 2023-09-24 03:27:04,978] Trial 410 finished with value: 0.9878386311184345 and parameters: {'n_estimators': 146, 'learning_rate': 0.09514846995728485, 'max_depth': 5, 'subsample': 0.8501004681364613, 'colsample_bytree': 0.9529231574295013}. Best is trial 204 with value: 0.9899952580754057.
[I 2023-09-24 03:30:25,226] Trial 411 finished with value: 0.9868963453190203 and parameters: {'n_estimators': 148, 'learning_rate': 0.09703890915749158, 'max_depth': 5, 'subsample': 0.8546889887679703, 'colsample_bytree': 0.9589549055756939}. Best is trial 204 with value: 0.9899952580754057.
[I 2023-09-24 03:33:51,246] Trial 412 finished with value: 0.9777755944759662 and parameters: {'n_estimators': 150, 'learning_rate': 0.07080303311248999, 'max_depth': 5, 'subsample': 0.8447287060758575, 'colsample_bytree': 0.9639529909205564}. Best is trial 204 with value: 0.9899952580754057.
[I 2023-09-24 03:37:03,569] Trial 413 finished with value: 0.9848332140076568 and parameters: {'n_estimators': 142, 'learning_rate': 0.09386884319372946, 'max_depth': 5, 'subsample': 0.8606617938300329, 'colsample_bytree': 0.9478766400184854}. Best is trial 204 with value: 0.9899952580754057.
[I 2023-09-24 03:40:21,337] Trial 414 finished with value: 0.9884714674864398 and parameters: {'n_estimators': 146, 'learning_rate': 0.0964722979240919, 'max_depth': 5, 'subsample': 0.8527288751386628, 'colsample_bytree': 0.9528242387642868}. Best is trial 204 with value: 0.9899952580754057.
[I 2023-09-24 03:43:40,872] Trial 415 finished with value: 0.9885638628042825 and parameters: {'n_estimators': 148, 'learning_rate': 0.09834913710767322, 'max_depth': 5, 'subsample': 0.8484827309985921, 'colsample_bytree': 0.995753258510504}. Best is trial 204 with value: 0.9899952580754057.
[I 2023-09-24 03:47:07,702] Trial 416 finished with value: 0.976144374073459 and parameters: {'n_estimators': 150, 'learning_rate': 0.06491946883768979, 'max_depth': 5, 'subsample': 0.8683988045239175, 'colsample_bytree': 0.9568481176779893}. Best is trial 204 with value: 0.9899952580754057.
[I 2023-09-24 03:50:25,098] Trial 417 finished with value: 0.9781609414228412 and parameters: {'n_estimators': 144, 'learning_rate': 0.07873818658041015, 'max_depth': 5, 'subsample': 0.8310088442772918, 'colsample_bytree': 0.9169316223829792}. Best is trial 204 with value: 0.9899952580754057.
[I 2023-09-24 03:53:45,886] Trial 418 finished with value: 0.9879871244387989 and parameters: {'n_estimators': 148, 'learning_rate': 0.09848547556648803, 'max_depth': 5, 'subsample': 0.8004759783321804, 'colsample_bytree': 0.9511766123699648}. Best is trial 204 with value: 0.9899952580754057.
[I 2023-09-24 03:57:10,839] Trial 419 finished with value: 0.9580121336936749 and parameters: {'n_estimators': 146, 'learning_rate': 0.04123788954065857, 'max_depth': 5, 'subsample': 0.8624270355242657, 'colsample_bytree': 0.9444327956114809}. Best is trial 204 with value: 0.9899952580754057.
[I 2023-09-24 04:00:12,093] Trial 420 finished with value: 0.970581582541374 and parameters: {'n_estimators': 150, 'learning_rate': 0.092770126521801, 'max_depth': 4, 'subsample': 0.857171338551658, 'colsample_bytree': 0.9919213069914276}. Best is trial 204 with value: 0.9899952580754057.
[I 2023-09-24 04:03:27,375] Trial 421 finished with value: 0.9760750767507635 and parameters: {'n_estimators': 143, 'learning_rate': 0.07354391951532535, 'max_depth': 5, 'subsample': 0.8355424251872288, 'colsample_bytree': 0.8879090300945053}. Best is trial 204 with value: 0.9899952580754057.
[I 2023-09-24 04:06:49,758] Trial 422 finished with value: 0.9723532272168228 and parameters: {'n_estimators': 148, 'learning_rate': 0.06351496940523045, 'max_depth': 5, 'subsample': 0.8402094379727423, 'colsample_bytree': 0.9558111815204422}. Best is trial 204 with value: 0.9899952580754057.
[I 2023-09-24 04:10:04,787] Trial 423 finished with value: 0.987075635324787 and parameters: {'n_estimators': 145, 'learning_rate': 0.09502828916002355, 'max_depth': 5, 'subsample': 0.8711917738489854, 'colsample_bytree': 0.9648156826187936}. Best is trial 204 with value: 0.9899952580754057.
[I 2023-09-24 04:13:24,429] Trial 424 finished with value: 0.988681556702226 and parameters: {'n_estimators': 147, 'learning_rate': 0.0971721774237828, 'max_depth': 5, 'subsample': 0.865683565986032, 'colsample_bytree': 0.9479076872689427}. Best is trial 204 with value: 0.9899952580754057.
[I 2023-09-24 04:15:10,500] Trial 425 finished with value: 0.9617328829079167 and parameters: {'n_estimators': 63, 'learning_rate': 0.09855771076008966, 'max_depth': 5, 'subsample': 0.820720381285962, 'colsample_bytree': 0.9366558231692554}. Best is trial 204 with value: 0.9899952580754057.
[I 2023-09-24 04:18:34,333] Trial 426 finished with value: 0.9886320589805273 and parameters: {'n_estimators': 150, 'learning_rate': 0.09559146629173827, 'max_depth': 5, 'subsample': 0.8093618829072408, 'colsample_bytree': 0.9226347838062607}. Best is trial 204 with value: 0.9899952580754057.
[I 2023-09-24 04:21:44,420] Trial 427 finished with value: 0.9893910214670655 and parameters: {'n_estimators': 142, 'learning_rate': 0.0999501312240685, 'max_depth': 5, 'subsample': 0.9044671850348422, 'colsample_bytree': 0.9066260254789948}. Best is trial 204 with value: 0.9899952580754057.
[I 2023-09-24 04:24:06,408] Trial 428 finished with value: 0.9745307535419775 and parameters: {'n_estimators': 98, 'learning_rate': 0.09720956275252673, 'max_depth': 5, 'subsample': 0.9062122106680225, 'colsample_bytree': 0.9295350273938231}. Best is trial 204 with value: 0.9899952580754057.
[I 2023-09-24 04:27:16,505] Trial 429 finished with value: 0.9850147052133996 and parameters: {'n_estimators': 140, 'learning_rate': 0.08967260010527793, 'max_depth': 5, 'subsample': 0.8459285910638721, 'colsample_bytree': 0.8968580503184448}. Best is trial 204 with value: 0.9899952580754057.
[I 2023-09-24 04:30:26,010] Trial 430 finished with value: 0.9873880219560067 and parameters: {'n_estimators': 142, 'learning_rate': 0.09992127408398621, 'max_depth': 5, 'subsample': 0.8982511515530013, 'colsample_bytree': 0.8866747565066129}. Best is trial 204 with value: 0.9899952580754057.
[I 2023-09-24 04:33:31,658] Trial 431 finished with value: 0.9620130023704483 and parameters: {'n_estimators': 134, 'learning_rate': 0.05196137843422308, 'max_depth': 5, 'subsample': 0.9042916878361383, 'colsample_bytree': 0.9329661390260249}. Best is trial 204 with value: 0.9899952580754057.
[I 2023-09-24 04:36:48,986] Trial 432 finished with value: 0.9587901606161925 and parameters: {'n_estimators': 145, 'learning_rate': 0.044382047905879254, 'max_depth': 5, 'subsample': 0.9621233919778441, 'colsample_bytree': 0.9101538970638756}. Best is trial 204 with value: 0.9899952580754057.
[I 2023-09-24 04:40:05,299] Trial 433 finished with value: 0.9845923252982012 and parameters: {'n_estimators': 148, 'learning_rate': 0.08610491261019154, 'max_depth': 5, 'subsample': 0.9066223565227377, 'colsample_bytree': 0.9267460070493685}. Best is trial 204 with value: 0.9899952580754057.
[I 2023-09-24 04:43:15,372] Trial 434 finished with value: 0.9891208019572757 and parameters: {'n_estimators': 150, 'learning_rate': 0.09834895651324807, 'max_depth': 5, 'subsample': 0.9028477161129052, 'colsample_bytree': 0.9236561806353386}. Best is trial 204 with value: 0.9899952580754057.
[I 2023-09-24 04:46:22,202] Trial 435 finished with value: 0.9661077343640626 and parameters: {'n_estimators': 146, 'learning_rate': 0.057070735899180394, 'max_depth': 5, 'subsample': 0.8155308431695364, 'colsample_bytree': 0.8740792431316161}. Best is trial 204 with value: 0.9899952580754057.
[I 2023-09-24 04:49:19,375] Trial 436 finished with value: 0.9884960333770731 and parameters: {'n_estimators': 144, 'learning_rate': 0.09995936285196588, 'max_depth': 5, 'subsample': 0.9121770582977553, 'colsample_bytree': 0.9418173478450456}. Best is trial 204 with value: 0.9899952580754057.
[I 2023-09-24 04:51:42,447] Trial 437 finished with value: 0.968298827187934 and parameters: {'n_estimators': 111, 'learning_rate': 0.07112466328795428, 'max_depth': 5, 'subsample': 0.8414391560795902, 'colsample_bytree': 0.9381737030388487}. Best is trial 204 with value: 0.9899952580754057.
[I 2023-09-24 04:54:46,327] Trial 438 finished with value: 0.9500778576148405 and parameters: {'n_estimators': 148, 'learning_rate': 0.03542621800213148, 'max_depth': 5, 'subsample': 0.8514762996389513, 'colsample_bytree': 0.9176004783757813}. Best is trial 204 with value: 0.9899952580754057.
[I 2023-09-24 04:57:45,576] Trial 439 finished with value: 0.988267976565256 and parameters: {'n_estimators': 150, 'learning_rate': 0.09468024160470871, 'max_depth': 5, 'subsample': 0.8110755422328487, 'colsample_bytree': 0.9887702193347773}. Best is trial 204 with value: 0.9899952580754057.
[I 2023-09-24 05:00:47,749] Trial 440 finished with value: 0.9701625023081769 and parameters: {'n_estimators': 147, 'learning_rate': 0.05749376347174182, 'max_depth': 5, 'subsample': 0.8598056035344781, 'colsample_bytree': 0.9960319168316079}. Best is trial 204 with value: 0.9899952580754057.
[I 2023-09-24 05:03:40,804] Trial 441 finished with value: 0.9856380076168183 and parameters: {'n_estimators': 142, 'learning_rate': 0.0917501515643914, 'max_depth': 5, 'subsample': 0.8037766147005758, 'colsample_bytree': 0.9423327919342602}. Best is trial 204 with value: 0.9899952580754057.
[I 2023-09-24 05:06:36,697] Trial 442 finished with value: 0.9877818023669593 and parameters: {'n_estimators': 146, 'learning_rate': 0.09669701041472055, 'max_depth': 5, 'subsample': 0.8554756641625431, 'colsample_bytree': 0.9353896617978976}. Best is trial 204 with value: 0.9899952580754057.
[I 2023-09-24 05:09:01,656] Trial 443 finished with value: 0.9824884949968208 and parameters: {'n_estimators': 115, 'learning_rate': 0.09804062457867617, 'max_depth': 5, 'subsample': 0.8714364336879384, 'colsample_bytree': 0.9680903488478441}. Best is trial 204 with value: 0.9899952580754057.
[I 2023-09-24 05:11:35,627] Trial 444 finished with value: 0.981466278102608 and parameters: {'n_estimators': 125, 'learning_rate': 0.09357267718489118, 'max_depth': 5, 'subsample': 0.8753557456526062, 'colsample_bytree': 0.9050808033063035}. Best is trial 204 with value: 0.9899952580754057.
[I 2023-09-24 05:14:33,223] Trial 445 finished with value: 0.9879339603250488 and parameters: {'n_estimators': 148, 'learning_rate': 0.09588988489013962, 'max_depth': 5, 'subsample': 0.8654205677792917, 'colsample_bytree': 0.9614598398208446}. Best is trial 204 with value: 0.9899952580754057.
