INFO:__main__:Loading datasets...
INFO:__main__:Merging datasets...
INFO:__main__:Preprocessing data...
INFO:__main__:Setting up XGBoost classifier...
INFO:__main__:Starting hyperparameter tuning with Optuna...
[I 2023-09-23 06:34:13,161] A new study created in memory with name: no-name-e3fd04da-b180-460a-a9ac-5a386e25ed4d
[I 2023-09-23 06:36:25,676] Trial 0 finished with value: 0.8941518435217694 and parameters: {'n_estimators': 79, 'learning_rate': 0.019857450751480377, 'max_depth': 5, 'subsample': 0.9142723406802337, 'colsample_bytree': 0.8036301316685296}. Best is trial 0 with value: 0.8941518435217694.
[I 2023-09-23 06:37:59,086] Trial 1 finished with value: 0.8166445271781095 and parameters: {'n_estimators': 68, 'learning_rate': 0.01795173315303977, 'max_depth': 3, 'subsample': 0.9407900227329876, 'colsample_bytree': 0.9486723750064516}. Best is trial 0 with value: 0.8941518435217694.
[I 2023-09-23 06:40:01,711] Trial 2 finished with value: 0.9472678628039708 and parameters: {'n_estimators': 89, 'learning_rate': 0.0969550295762759, 'max_depth': 4, 'subsample': 0.9038329626589112, 'colsample_bytree': 0.9559616017449148}. Best is trial 2 with value: 0.9472678628039708.
[I 2023-09-23 06:42:32,794] Trial 3 finished with value: 0.9273412433434938 and parameters: {'n_estimators': 117, 'learning_rate': 0.05068361049317352, 'max_depth': 4, 'subsample': 0.9919323144732487, 'colsample_bytree': 0.8420709665625719}. Best is trial 2 with value: 0.9472678628039708.
[I 2023-09-23 06:44:14,141] Trial 4 finished with value: 0.90089231632988 and parameters: {'n_estimators': 55, 'learning_rate': 0.032353579348149884, 'max_depth': 5, 'subsample': 0.8813204740993106, 'colsample_bytree': 0.926810058620247}. Best is trial 2 with value: 0.9472678628039708.
[I 2023-09-23 06:45:46,784] Trial 5 finished with value: 0.9275964328280935 and parameters: {'n_estimators': 59, 'learning_rate': 0.09354539787636221, 'max_depth': 4, 'subsample': 0.8680987131266826, 'colsample_bytree': 0.9555112985885403}. Best is trial 2 with value: 0.9472678628039708.
[I 2023-09-23 06:47:24,666] Trial 6 finished with value: 0.9055355525289619 and parameters: {'n_estimators': 76, 'learning_rate': 0.08890988560735798, 'max_depth': 3, 'subsample': 0.98418564959376, 'colsample_bytree': 0.9033643823721714}. Best is trial 2 with value: 0.9472678628039708.
[I 2023-09-23 06:49:14,066] Trial 7 finished with value: 0.9168609603400426 and parameters: {'n_estimators': 89, 'learning_rate': 0.093163360403052, 'max_depth': 3, 'subsample': 0.9919160864431625, 'colsample_bytree': 0.9457125509602813}. Best is trial 2 with value: 0.9472678628039708.
[I 2023-09-23 06:51:21,291] Trial 8 finished with value: 0.9177387156898295 and parameters: {'n_estimators': 109, 'learning_rate': 0.07839117705289435, 'max_depth': 3, 'subsample': 0.93077744673984, 'colsample_bytree': 0.9409480305264875}. Best is trial 2 with value: 0.9472678628039708.
[I 2023-09-23 06:53:53,487] Trial 9 finished with value: 0.8458700907825623 and parameters: {'n_estimators': 139, 'learning_rate': 0.02300331099617068, 'max_depth': 3, 'subsample': 0.9667995897972926, 'colsample_bytree': 0.9042977641093716}. Best is trial 2 with value: 0.9472678628039708.
[I 2023-09-23 06:56:34,661] Trial 10 finished with value: 0.9448923477274599 and parameters: {'n_estimators': 127, 'learning_rate': 0.06726695902449385, 'max_depth': 4, 'subsample': 0.8240015917938172, 'colsample_bytree': 0.9976498386618291}. Best is trial 2 with value: 0.9472678628039708.
[I 2023-09-23 06:59:22,514] Trial 11 finished with value: 0.9517453753252753 and parameters: {'n_estimators': 134, 'learning_rate': 0.07105149197339054, 'max_depth': 4, 'subsample': 0.8139086492807395, 'colsample_bytree': 0.9845220434598408}. Best is trial 11 with value: 0.9517453753252753.
[I 2023-09-23 07:01:33,281] Trial 12 finished with value: 0.9519851625360705 and parameters: {'n_estimators': 97, 'learning_rate': 0.09990126973785982, 'max_depth': 4, 'subsample': 0.8144532770153957, 'colsample_bytree': 0.9833788158960927}. Best is trial 12 with value: 0.9519851625360705.
[I 2023-09-23 07:04:54,951] Trial 13 finished with value: 0.9775581707365374 and parameters: {'n_estimators': 149, 'learning_rate': 0.07266067738974293, 'max_depth': 5, 'subsample': 0.8092760392313341, 'colsample_bytree': 0.9960609875001855}. Best is trial 13 with value: 0.9775581707365374.
[I 2023-09-23 07:08:14,740] Trial 14 finished with value: 0.9829310386755956 and parameters: {'n_estimators': 149, 'learning_rate': 0.07958195629521611, 'max_depth': 5, 'subsample': 0.8013920738907879, 'colsample_bytree': 0.9936926014574026}. Best is trial 14 with value: 0.9829310386755956.
[I 2023-09-23 07:11:38,155] Trial 15 finished with value: 0.969855983982814 and parameters: {'n_estimators': 149, 'learning_rate': 0.057186313824456554, 'max_depth': 5, 'subsample': 0.800046759183517, 'colsample_bytree': 0.992722308164513}. Best is trial 14 with value: 0.9829310386755956.
[I 2023-09-23 07:14:59,756] Trial 16 finished with value: 0.9854051851888646 and parameters: {'n_estimators': 149, 'learning_rate': 0.0828932103998444, 'max_depth': 5, 'subsample': 0.8427607619100982, 'colsample_bytree': 0.9726494816100348}. Best is trial 16 with value: 0.9854051851888646.
[I 2023-09-23 07:17:52,527] Trial 17 finished with value: 0.975057261583675 and parameters: {'n_estimators': 121, 'learning_rate': 0.08080390905594818, 'max_depth': 5, 'subsample': 0.8556886008661986, 'colsample_bytree': 0.9704272393612359}. Best is trial 16 with value: 0.9854051851888646.
[I 2023-09-23 07:21:00,875] Trial 18 finished with value: 0.982389501735913 and parameters: {'n_estimators': 137, 'learning_rate': 0.08378313043941815, 'max_depth': 5, 'subsample': 0.8410579223257718, 'colsample_bytree': 0.9681716489936723}. Best is trial 16 with value: 0.9854051851888646.
[I 2023-09-23 07:23:38,926] Trial 19 finished with value: 0.971746424450094 and parameters: {'n_estimators': 109, 'learning_rate': 0.08350764019356653, 'max_depth': 5, 'subsample': 0.8386702449578036, 'colsample_bytree': 0.9281981967214843}. Best is trial 16 with value: 0.9854051851888646.
[I 2023-09-23 07:27:03,047] Trial 20 finished with value: 0.976201205135806 and parameters: {'n_estimators': 150, 'learning_rate': 0.06538707243358628, 'max_depth': 5, 'subsample': 0.8285629845440403, 'colsample_bytree': 0.9737362835857025}. Best is trial 16 with value: 0.9854051851888646.
[I 2023-09-23 07:30:10,477] Trial 21 finished with value: 0.9843595038072325 and parameters: {'n_estimators': 137, 'learning_rate': 0.08609317069999023, 'max_depth': 5, 'subsample': 0.8431904010676072, 'colsample_bytree': 0.9689819394912472}. Best is trial 16 with value: 0.9854051851888646.
[I 2023-09-23 07:33:19,475] Trial 22 finished with value: 0.9846315556217696 and parameters: {'n_estimators': 140, 'learning_rate': 0.08819501232401131, 'max_depth': 5, 'subsample': 0.8512618473251552, 'colsample_bytree': 0.9720702918237141}. Best is trial 16 with value: 0.9854051851888646.
[I 2023-09-23 07:36:20,039] Trial 23 finished with value: 0.9815187109511891 and parameters: {'n_estimators': 129, 'learning_rate': 0.09017240241004894, 'max_depth': 5, 'subsample': 0.8488687248724307, 'colsample_bytree': 0.9689723112908659}. Best is trial 16 with value: 0.9854051851888646.
[I 2023-09-23 07:39:31,035] Trial 24 finished with value: 0.9826428555812006 and parameters: {'n_estimators': 142, 'learning_rate': 0.0867814158746548, 'max_depth': 5, 'subsample': 0.8749724735961915, 'colsample_bytree': 0.9258658587745183}. Best is trial 16 with value: 0.9854051851888646.
[I 2023-09-23 07:42:23,835] Trial 25 finished with value: 0.973334013597069 and parameters: {'n_estimators': 124, 'learning_rate': 0.07562167156498613, 'max_depth': 5, 'subsample': 0.8592868403719534, 'colsample_bytree': 0.9616980550663169}. Best is trial 16 with value: 0.9854051851888646.
[I 2023-09-23 07:45:13,535] Trial 26 finished with value: 0.9664853833177081 and parameters: {'n_estimators': 140, 'learning_rate': 0.09816976646521972, 'max_depth': 4, 'subsample': 0.8882268112105943, 'colsample_bytree': 0.9797590108194487}. Best is trial 16 with value: 0.9854051851888646.
[I 2023-09-23 07:47:56,921] Trial 27 finished with value: 0.9769436686894011 and parameters: {'n_estimators': 116, 'learning_rate': 0.08568962363802725, 'max_depth': 5, 'subsample': 0.8633244666438051, 'colsample_bytree': 0.9998865949280842}. Best is trial 16 with value: 0.9854051851888646.
[I 2023-09-23 07:50:59,032] Trial 28 finished with value: 0.9816749018924087 and parameters: {'n_estimators': 132, 'learning_rate': 0.08788371723569728, 'max_depth': 5, 'subsample': 0.8376164712883636, 'colsample_bytree': 0.9805349567718924}. Best is trial 16 with value: 0.9854051851888646.
[I 2023-09-23 07:54:16,442] Trial 29 finished with value: 0.9775024408253465 and parameters: {'n_estimators': 142, 'learning_rate': 0.07637619792296799, 'max_depth': 5, 'subsample': 0.8506269742547286, 'colsample_bytree': 0.9599710707169011}. Best is trial 16 with value: 0.9854051851888646.
[I 2023-09-23 07:56:37,224] Trial 30 finished with value: 0.956256987225913 and parameters: {'n_estimators': 110, 'learning_rate': 0.09283338027436354, 'max_depth': 4, 'subsample': 0.8936128812064561, 'colsample_bytree': 0.9381355446593426}. Best is trial 16 with value: 0.9854051851888646.
[I 2023-09-23 07:59:54,974] Trial 31 finished with value: 0.9819231228684073 and parameters: {'n_estimators': 145, 'learning_rate': 0.07977805017322902, 'max_depth': 5, 'subsample': 0.8333872889476923, 'colsample_bytree': 0.9854587960490975}. Best is trial 16 with value: 0.9854051851888646.
[I 2023-09-23 08:03:00,021] Trial 32 finished with value: 0.9803641327766783 and parameters: {'n_estimators': 134, 'learning_rate': 0.08171557195068978, 'max_depth': 5, 'subsample': 0.8003275424142032, 'colsample_bytree': 0.9719154626327822}. Best is trial 16 with value: 0.9854051851888646.
[I 2023-09-23 08:06:17,617] Trial 33 finished with value: 0.9882434124578519 and parameters: {'n_estimators': 145, 'learning_rate': 0.0943753384726218, 'max_depth': 5, 'subsample': 0.8236576012264906, 'colsample_bytree': 0.9528754798386615}. Best is trial 33 with value: 0.9882434124578519.
[I 2023-09-23 08:09:15,919] Trial 34 finished with value: 0.9824650306868505 and parameters: {'n_estimators': 129, 'learning_rate': 0.09526701615231252, 'max_depth': 5, 'subsample': 0.8234399139544228, 'colsample_bytree': 0.953032336961696}. Best is trial 33 with value: 0.9882434124578519.
[I 2023-09-23 08:12:30,478] Trial 35 finished with value: 0.9859309589332981 and parameters: {'n_estimators': 144, 'learning_rate': 0.09203639067418858, 'max_depth': 5, 'subsample': 0.8459193398653737, 'colsample_bytree': 0.9578584866637985}. Best is trial 33 with value: 0.9882434124578519.
[I 2023-09-23 08:15:45,534] Trial 36 finished with value: 0.9891666334401744 and parameters: {'n_estimators': 145, 'learning_rate': 0.09940780397581413, 'max_depth': 5, 'subsample': 0.8684234071056568, 'colsample_bytree': 0.9519731700558839}. Best is trial 36 with value: 0.9891666334401744.
[I 2023-09-23 08:19:06,619] Trial 37 finished with value: 0.9869326435612443 and parameters: {'n_estimators': 144, 'learning_rate': 0.09841660971110518, 'max_depth': 5, 'subsample': 0.8723485013857898, 'colsample_bytree': 0.9509272462488919}. Best is trial 36 with value: 0.9891666334401744.
[I 2023-09-23 08:21:36,148] Trial 38 finished with value: 0.964178062597916 and parameters: {'n_estimators': 119, 'learning_rate': 0.0991682038130464, 'max_depth': 4, 'subsample': 0.8708920827102008, 'colsample_bytree': 0.9499676679911433}. Best is trial 36 with value: 0.9891666334401744.
[I 2023-09-23 08:23:59,912] Trial 39 finished with value: 0.9731393215756057 and parameters: {'n_estimators': 98, 'learning_rate': 0.09526284056633756, 'max_depth': 5, 'subsample': 0.9071805571921875, 'colsample_bytree': 0.9165946266361138}. Best is trial 36 with value: 0.9891666334401744.
[I 2023-09-23 08:25:42,805] Trial 40 finished with value: 0.9349396701151489 and parameters: {'n_estimators': 71, 'learning_rate': 0.09151795379593404, 'max_depth': 4, 'subsample': 0.8803236534305081, 'colsample_bytree': 0.9429674942090661}. Best is trial 36 with value: 0.9891666334401744.
[I 2023-09-23 08:28:58,546] Trial 41 finished with value: 0.9875904116433597 and parameters: {'n_estimators': 145, 'learning_rate': 0.09490653969562737, 'max_depth': 5, 'subsample': 0.8632101049962311, 'colsample_bytree': 0.9589114307442554}. Best is trial 36 with value: 0.9891666334401744.
[I 2023-09-23 08:32:15,324] Trial 42 finished with value: 0.989568114461059 and parameters: {'n_estimators': 144, 'learning_rate': 0.09999112660283711, 'max_depth': 5, 'subsample': 0.8639906239534735, 'colsample_bytree': 0.9573719033186017}. Best is trial 42 with value: 0.989568114461059.
[I 2023-09-23 08:35:31,124] Trial 43 finished with value: 0.9885880633493418 and parameters: {'n_estimators': 145, 'learning_rate': 0.09953098599081046, 'max_depth': 5, 'subsample': 0.8674483454126065, 'colsample_bytree': 0.9344710580246859}. Best is trial 42 with value: 0.989568114461059.
[I 2023-09-23 08:38:35,276] Trial 44 finished with value: 0.9859243596754965 and parameters: {'n_estimators': 135, 'learning_rate': 0.09529462396334439, 'max_depth': 5, 'subsample': 0.8621385218011328, 'colsample_bytree': 0.9353441314038388}. Best is trial 42 with value: 0.989568114461059.
[I 2023-09-23 08:40:42,031] Trial 45 finished with value: 0.9691784167056839 and parameters: {'n_estimators': 82, 'learning_rate': 0.09974696782615901, 'max_depth': 5, 'subsample': 0.8835227902756313, 'colsample_bytree': 0.9397750998901389}. Best is trial 42 with value: 0.989568114461059.
[I 2023-09-23 08:42:24,803] Trial 46 finished with value: 0.955253101907485 and parameters: {'n_estimators': 60, 'learning_rate': 0.09384117654858086, 'max_depth': 5, 'subsample': 0.8651402521061755, 'colsample_bytree': 0.9464299292731398}. Best is trial 42 with value: 0.989568114461059.
[I 2023-09-23 08:44:48,620] Trial 47 finished with value: 0.9293050137711116 and parameters: {'n_estimators': 131, 'learning_rate': 0.08998347231158348, 'max_depth': 3, 'subsample': 0.8932042938375029, 'colsample_bytree': 0.8850968011374402}. Best is trial 42 with value: 0.989568114461059.
[I 2023-09-23 08:47:37,503] Trial 48 finished with value: 0.981474344061475 and parameters: {'n_estimators': 123, 'learning_rate': 0.09749647652797083, 'max_depth': 5, 'subsample': 0.8775436562689496, 'colsample_bytree': 0.9599789653475288}. Best is trial 42 with value: 0.989568114461059.
[I 2023-09-23 08:50:34,664] Trial 49 finished with value: 0.9709005654426631 and parameters: {'n_estimators': 147, 'learning_rate': 0.09546745838267943, 'max_depth': 4, 'subsample': 0.8566814154380505, 'colsample_bytree': 0.9497133455374648}. Best is trial 42 with value: 0.989568114461059.
[I 2023-09-23 08:53:42,808] Trial 50 finished with value: 0.9819275237432379 and parameters: {'n_estimators': 139, 'learning_rate': 0.08965045626292592, 'max_depth': 5, 'subsample': 0.8685056400775332, 'colsample_bytree': 0.9353008189696302}. Best is trial 42 with value: 0.989568114461059.
[I 2023-09-23 08:56:57,000] Trial 51 finished with value: 0.9899296291417368 and parameters: {'n_estimators': 144, 'learning_rate': 0.09950625095941142, 'max_depth': 5, 'subsample': 0.8734368483265834, 'colsample_bytree': 0.953603504464098}. Best is trial 51 with value: 0.9899296291417368.
[I 2023-09-23 09:00:10,516] Trial 52 finished with value: 0.9888135507676848 and parameters: {'n_estimators': 145, 'learning_rate': 0.09976367071891075, 'max_depth': 5, 'subsample': 0.9005162504921311, 'colsample_bytree': 0.9543162687421688}. Best is trial 51 with value: 0.9899296291417368.
[I 2023-09-23 09:03:03,481] Trial 53 finished with value: 0.983234258525477 and parameters: {'n_estimators': 126, 'learning_rate': 0.09995459051965894, 'max_depth': 5, 'subsample': 0.9076587807622558, 'colsample_bytree': 0.9446969579019661}. Best is trial 51 with value: 0.9899296291417368.
[I 2023-09-23 09:06:07,784] Trial 54 finished with value: 0.9832980553016011 and parameters: {'n_estimators': 136, 'learning_rate': 0.09219970282006558, 'max_depth': 5, 'subsample': 0.9151923347924759, 'colsample_bytree': 0.9630530941006779}. Best is trial 51 with value: 0.9899296291417368.
[I 2023-09-23 09:09:29,565] Trial 55 finished with value: 0.9884417686566133 and parameters: {'n_estimators': 150, 'learning_rate': 0.09657978983938735, 'max_depth': 5, 'subsample': 0.8855142162885429, 'colsample_bytree': 0.9270678326238336}. Best is trial 51 with value: 0.9899296291417368.
[I 2023-09-23 09:12:55,022] Trial 56 finished with value: 0.987614976941152 and parameters: {'n_estimators': 150, 'learning_rate': 0.09730938201441108, 'max_depth': 5, 'subsample': 0.8856354396109828, 'colsample_bytree': 0.9293499611813241}. Best is trial 51 with value: 0.9899296291417368.
[I 2023-09-23 09:16:04,041] Trial 57 finished with value: 0.981996819794887 and parameters: {'n_estimators': 140, 'learning_rate': 0.08574943538161456, 'max_depth': 5, 'subsample': 0.899838938058449, 'colsample_bytree': 0.9168967922666102}. Best is trial 51 with value: 0.9899296291417368.
[I 2023-09-23 09:19:23,341] Trial 58 finished with value: 0.9852918917853113 and parameters: {'n_estimators': 147, 'learning_rate': 0.0902240526803894, 'max_depth': 5, 'subsample': 0.8795368439752541, 'colsample_bytree': 0.931921204837183}. Best is trial 51 with value: 0.9899296291417368.
[I 2023-09-23 09:21:41,427] Trial 59 finished with value: 0.9745608191524306 and parameters: {'n_estimators': 93, 'learning_rate': 0.09958599889808428, 'max_depth': 5, 'subsample': 0.8725468227573165, 'colsample_bytree': 0.9437323272753818}. Best is trial 51 with value: 0.9899296291417368.
[I 2023-09-23 09:24:14,124] Trial 60 finished with value: 0.9348018109305238 and parameters: {'n_estimators': 142, 'learning_rate': 0.09624132399622339, 'max_depth': 3, 'subsample': 0.8882911832202831, 'colsample_bytree': 0.9191420330806549}. Best is trial 51 with value: 0.9899296291417368.
[I 2023-09-23 09:27:30,323] Trial 61 finished with value: 0.9860149216561608 and parameters: {'n_estimators': 146, 'learning_rate': 0.09318412352131546, 'max_depth': 5, 'subsample': 0.8544617965711898, 'colsample_bytree': 0.9534021338968129}. Best is trial 51 with value: 0.9899296291417368.
[I 2023-09-23 09:30:44,709] Trial 62 finished with value: 0.9879588927765137 and parameters: {'n_estimators': 150, 'learning_rate': 0.09651654979681656, 'max_depth': 5, 'subsample': 0.8765739816875342, 'colsample_bytree': 0.9528769287453669}. Best is trial 51 with value: 0.9899296291417368.
[I 2023-09-23 09:33:48,900] Trial 63 finished with value: 0.9871720644041165 and parameters: {'n_estimators': 139, 'learning_rate': 0.09996926496329177, 'max_depth': 5, 'subsample': 0.8687275984680429, 'colsample_bytree': 0.9645822167506103}. Best is trial 51 with value: 0.9899296291417368.
[I 2023-09-23 09:36:55,690] Trial 64 finished with value: 0.9840654502849846 and parameters: {'n_estimators': 143, 'learning_rate': 0.08839825224801943, 'max_depth': 5, 'subsample': 0.8524812546681501, 'colsample_bytree': 0.9437366535246533}. Best is trial 51 with value: 0.9899296291417368.
[I 2023-09-23 09:39:55,030] Trial 65 finished with value: 0.984457398822714 and parameters: {'n_estimators': 137, 'learning_rate': 0.0925716365387312, 'max_depth': 5, 'subsample': 0.8582478314636676, 'colsample_bytree': 0.9378663278041471}. Best is trial 51 with value: 0.9899296291417368.
[I 2023-09-23 09:42:53,372] Trial 66 finished with value: 0.9824602627477436 and parameters: {'n_estimators': 133, 'learning_rate': 0.0829454354249427, 'max_depth': 5, 'subsample': 0.846810451294586, 'colsample_bytree': 0.9632343170359516}. Best is trial 51 with value: 0.9899296291417368.
[I 2023-09-23 09:45:59,503] Trial 67 finished with value: 0.9877565020903374 and parameters: {'n_estimators': 147, 'learning_rate': 0.09672933027895426, 'max_depth': 5, 'subsample': 0.8975753098644584, 'colsample_bytree': 0.9563162142182762}. Best is trial 51 with value: 0.9899296291417368.
[I 2023-09-23 09:48:08,314] Trial 68 finished with value: 0.9476183792185928 and parameters: {'n_estimators': 104, 'learning_rate': 0.08800658572677368, 'max_depth': 4, 'subsample': 0.8862987841160471, 'colsample_bytree': 0.9245284916033616}. Best is trial 51 with value: 0.9899296291417368.
[I 2023-09-23 09:50:56,247] Trial 69 finished with value: 0.9835437097911992 and parameters: {'n_estimators': 130, 'learning_rate': 0.09385818148644064, 'max_depth': 5, 'subsample': 0.8936629384529315, 'colsample_bytree': 0.9752074972441437}. Best is trial 51 with value: 0.9899296291417368.
[I 2023-09-23 09:53:57,681] Trial 70 finished with value: 0.9839682881559122 and parameters: {'n_estimators': 142, 'learning_rate': 0.08566767720746313, 'max_depth': 5, 'subsample': 0.8339145885616027, 'colsample_bytree': 0.9484860467178429}. Best is trial 51 with value: 0.9899296291417368.
[I 2023-09-23 09:57:01,960] Trial 71 finished with value: 0.9875218482112741 and parameters: {'n_estimators': 150, 'learning_rate': 0.09690315325894061, 'max_depth': 5, 'subsample': 0.8769996358526169, 'colsample_bytree': 0.9531069686393623}. Best is trial 51 with value: 0.9899296291417368.
[I 2023-09-23 10:00:05,304] Trial 72 finished with value: 0.9877777679911223 and parameters: {'n_estimators': 148, 'learning_rate': 0.09677874464281637, 'max_depth': 5, 'subsample': 0.875197435349702, 'colsample_bytree': 0.9553149062958423}. Best is trial 51 with value: 0.9899296291417368.
[I 2023-09-23 10:03:07,510] Trial 73 finished with value: 0.9870859010821853 and parameters: {'n_estimators': 145, 'learning_rate': 0.09124629103445443, 'max_depth': 5, 'subsample': 0.8686713240171672, 'colsample_bytree': 0.9401773053494217}. Best is trial 51 with value: 0.9899296291417368.
