[I 2023-09-23 17:45:16,892] Trial 224 finished with value: 0.9880149900389921 and parameters: {'n_estimators': 146, 'learning_rate': 0.09795729038665522, 'max_depth': 5, 'subsample': 0.8735621387197819, 'colsample_bytree': 0.958621992824446}. Best is trial 204 with value: 0.9899952580754057.
[I 2023-09-23 17:48:29,497] Trial 225 finished with value: 0.9892472966342873 and parameters: {'n_estimators': 148, 'learning_rate': 0.09652977192728074, 'max_depth': 5, 'subsample': 0.8703368145125855, 'colsample_bytree': 0.9662182013296134}. Best is trial 204 with value: 0.9899952580754057.
[I 2023-09-23 17:51:49,789] Trial 226 finished with value: 0.9449891415467512 and parameters: {'n_estimators': 149, 'learning_rate': 0.03072363735623035, 'max_depth': 5, 'subsample': 0.8697665987827399, 'colsample_bytree': 0.9509947748159382}. Best is trial 204 with value: 0.9899952580754057.
[I 2023-09-23 17:55:01,749] Trial 227 finished with value: 0.987833865622614 and parameters: {'n_estimators': 148, 'learning_rate': 0.09842183085714434, 'max_depth': 5, 'subsample': 0.8633570566384688, 'colsample_bytree': 0.9545305598259339}. Best is trial 204 with value: 0.9899952580754057.
[I 2023-09-23 17:58:14,543] Trial 228 finished with value: 0.9892623288688537 and parameters: {'n_estimators': 150, 'learning_rate': 0.09993938157634175, 'max_depth': 5, 'subsample': 0.86748232642422, 'colsample_bytree': 0.9842342241671774}. Best is trial 204 with value: 0.9899952580754057.
[I 2023-09-23 18:01:26,214] Trial 229 finished with value: 0.9881862144959067 and parameters: {'n_estimators': 150, 'learning_rate': 0.09996553175605938, 'max_depth': 5, 'subsample': 0.8671884264286928, 'colsample_bytree': 0.9793674525346109}. Best is trial 204 with value: 0.9899952580754057.
[I 2023-09-23 18:04:39,193] Trial 230 finished with value: 0.9858939275149659 and parameters: {'n_estimators': 147, 'learning_rate': 0.08906058288629856, 'max_depth': 5, 'subsample': 0.8569869336265485, 'colsample_bytree': 0.9910396810497981}. Best is trial 204 with value: 0.9899952580754057.
[I 2023-09-23 18:07:48,136] Trial 231 finished with value: 0.9875882106141113 and parameters: {'n_estimators': 148, 'learning_rate': 0.09834660557892383, 'max_depth': 5, 'subsample': 0.8722983280376809, 'colsample_bytree': 0.9708719295769768}. Best is trial 204 with value: 0.9899952580754057.
[I 2023-09-23 18:11:00,323] Trial 232 finished with value: 0.9884502015056684 and parameters: {'n_estimators': 150, 'learning_rate': 0.09596579932512378, 'max_depth': 5, 'subsample': 0.8691214599669393, 'colsample_bytree': 0.974351571085847}. Best is trial 204 with value: 0.9899952580754057.
[I 2023-09-23 18:14:05,551] Trial 233 finished with value: 0.9877807011546373 and parameters: {'n_estimators': 146, 'learning_rate': 0.09831246056296673, 'max_depth': 5, 'subsample': 0.862862381891444, 'colsample_bytree': 0.9881442049294821}. Best is trial 204 with value: 0.9899952580754057.
[I 2023-09-23 18:17:11,808] Trial 234 finished with value: 0.9886335264586048 and parameters: {'n_estimators': 148, 'learning_rate': 0.09688150618905977, 'max_depth': 5, 'subsample': 0.8665763607496803, 'colsample_bytree': 0.9987789035523615}. Best is trial 204 with value: 0.9899952580754057.
[I 2023-09-23 18:20:23,337] Trial 235 finished with value: 0.9810944958752537 and parameters: {'n_estimators': 144, 'learning_rate': 0.07877047914642482, 'max_depth': 5, 'subsample': 0.8719769528676551, 'colsample_bytree': 0.967334805275383}. Best is trial 204 with value: 0.9899952580754057.
[I 2023-09-23 18:23:48,203] Trial 236 finished with value: 0.9651797470726109 and parameters: {'n_estimators': 150, 'learning_rate': 0.04948936582096329, 'max_depth': 5, 'subsample': 0.8757383863981346, 'colsample_bytree': 0.9497634030812091}. Best is trial 204 with value: 0.9899952580754057.
[I 2023-09-23 18:26:19,432] Trial 237 finished with value: 0.9765656529914255 and parameters: {'n_estimators': 107, 'learning_rate': 0.09445875657715386, 'max_depth': 5, 'subsample': 0.8613317636840581, 'colsample_bytree': 0.9588952969626171}. Best is trial 204 with value: 0.9899952580754057.
[I 2023-09-23 18:29:34,529] Trial 238 finished with value: 0.988652959051786 and parameters: {'n_estimators': 146, 'learning_rate': 0.09843344601280728, 'max_depth': 5, 'subsample': 0.852990411549284, 'colsample_bytree': 0.9822033011633663}. Best is trial 204 with value: 0.9899952580754057.
[I 2023-09-23 18:32:47,688] Trial 239 finished with value: 0.9889279454689237 and parameters: {'n_estimators': 148, 'learning_rate': 0.09999036857755995, 'max_depth': 5, 'subsample': 0.8694735646316774, 'colsample_bytree': 0.9917590823731731}. Best is trial 204 with value: 0.9899952580754057.
[I 2023-09-23 18:35:58,529] Trial 240 finished with value: 0.9886782576305425 and parameters: {'n_estimators': 148, 'learning_rate': 0.09975597099882212, 'max_depth': 5, 'subsample': 0.8654040999555794, 'colsample_bytree': 0.9942942676507087}. Best is trial 204 with value: 0.9899952580754057.
[I 2023-09-23 18:39:09,941] Trial 241 finished with value: 0.9889455444049805 and parameters: {'n_estimators': 147, 'learning_rate': 0.09707759208081689, 'max_depth': 5, 'subsample': 0.8707921377803084, 'colsample_bytree': 0.9875288689397609}. Best is trial 204 with value: 0.9899952580754057.
[I 2023-09-23 18:42:19,987] Trial 242 finished with value: 0.9879405610891515 and parameters: {'n_estimators': 146, 'learning_rate': 0.09994973446092603, 'max_depth': 5, 'subsample': 0.8682627608255129, 'colsample_bytree': 0.987258933386367}. Best is trial 204 with value: 0.9899952580754057.
[I 2023-09-23 18:45:34,520] Trial 243 finished with value: 0.9878752974896299 and parameters: {'n_estimators': 150, 'learning_rate': 0.09708446384810006, 'max_depth': 5, 'subsample': 0.8707655493104659, 'colsample_bytree': 0.9922150710330992}. Best is trial 204 with value: 0.9899952580754057.
[I 2023-09-23 18:48:41,272] Trial 244 finished with value: 0.9870015733054641 and parameters: {'n_estimators': 143, 'learning_rate': 0.09587179983693492, 'max_depth': 5, 'subsample': 0.8613600461880329, 'colsample_bytree': 0.9909136830342239}. Best is trial 204 with value: 0.9899952580754057.
[I 2023-09-23 18:51:47,904] Trial 245 finished with value: 0.98810115170742 and parameters: {'n_estimators': 147, 'learning_rate': 0.0999181230307564, 'max_depth': 5, 'subsample': 0.8711975487371262, 'colsample_bytree': 0.9846820895543461}. Best is trial 204 with value: 0.9899952580754057.
[I 2023-09-23 18:54:53,785] Trial 246 finished with value: 0.9881506490829587 and parameters: {'n_estimators': 145, 'learning_rate': 0.09811151192505392, 'max_depth': 5, 'subsample': 0.8769937412195659, 'colsample_bytree': 0.9826593511561773}. Best is trial 204 with value: 0.9899952580754057.
[I 2023-09-23 18:58:04,428] Trial 247 finished with value: 0.972437923493545 and parameters: {'n_estimators': 148, 'learning_rate': 0.06052429630982642, 'max_depth': 5, 'subsample': 0.8662375088547167, 'colsample_bytree': 0.9848353410855012}. Best is trial 204 with value: 0.9899952580754057.
[I 2023-09-23 19:01:13,593] Trial 248 finished with value: 0.9896293435933302 and parameters: {'n_estimators': 150, 'learning_rate': 0.09664098544999798, 'max_depth': 5, 'subsample': 0.8586574274396792, 'colsample_bytree': 0.98940082140376}. Best is trial 204 with value: 0.9899952580754057.
[I 2023-09-23 19:04:15,838] Trial 249 finished with value: 0.9859947557188324 and parameters: {'n_estimators': 145, 'learning_rate': 0.09476976492727837, 'max_depth': 5, 'subsample': 0.8557924720789996, 'colsample_bytree': 0.9889993070217951}. Best is trial 204 with value: 0.9899952580754057.
[I 2023-09-23 19:07:22,445] Trial 250 finished with value: 0.9864068686667521 and parameters: {'n_estimators': 148, 'learning_rate': 0.0924746247725147, 'max_depth': 5, 'subsample': 0.859215389818271, 'colsample_bytree': 0.9867668168199842}. Best is trial 204 with value: 0.9899952580754057.
[I 2023-09-23 19:10:09,674] Trial 251 finished with value: 0.9842821401506072 and parameters: {'n_estimators': 127, 'learning_rate': 0.09651985559833787, 'max_depth': 5, 'subsample': 0.8506692715083503, 'colsample_bytree': 0.9964133614249165}. Best is trial 204 with value: 0.9899952580754057.
[I 2023-09-23 19:13:12,758] Trial 252 finished with value: 0.9869803074456807 and parameters: {'n_estimators': 143, 'learning_rate': 0.09732189225509719, 'max_depth': 5, 'subsample': 0.8639271149384486, 'colsample_bytree': 0.9958275433052266}. Best is trial 204 with value: 0.9899952580754057.
[I 2023-09-23 19:16:14,353] Trial 253 finished with value: 0.9873333903809831 and parameters: {'n_estimators': 141, 'learning_rate': 0.09509959613393384, 'max_depth': 5, 'subsample': 0.9873415453685105, 'colsample_bytree': 0.9801626324689482}. Best is trial 204 with value: 0.9899952580754057.
[I 2023-09-23 19:19:24,451] Trial 254 finished with value: 0.9772846512046357 and parameters: {'n_estimators': 146, 'learning_rate': 0.06727354638789633, 'max_depth': 5, 'subsample': 0.8592225860614653, 'colsample_bytree': 0.9926099306086038}. Best is trial 204 with value: 0.9899952580754057.
[I 2023-09-23 19:22:36,678] Trial 255 finished with value: 0.9827561483515831 and parameters: {'n_estimators': 150, 'learning_rate': 0.08013203383356647, 'max_depth': 5, 'subsample': 0.8790246125372092, 'colsample_bytree': 0.9889814926357355}. Best is trial 204 with value: 0.9899952580754057.
[I 2023-09-23 19:25:50,713] Trial 256 finished with value: 0.9638370799865633 and parameters: {'n_estimators': 148, 'learning_rate': 0.04661023150415991, 'max_depth': 5, 'subsample': 0.8754388683261419, 'colsample_bytree': 0.9783340489891857}. Best is trial 204 with value: 0.9899952580754057.
[I 2023-09-23 19:28:59,174] Trial 257 finished with value: 0.9876681396339647 and parameters: {'n_estimators': 146, 'learning_rate': 0.09819019227346755, 'max_depth': 5, 'subsample': 0.8550092661819035, 'colsample_bytree': 0.97572582143372}. Best is trial 204 with value: 0.9899952580754057.
[I 2023-09-23 19:32:05,205] Trial 258 finished with value: 0.9867533511673081 and parameters: {'n_estimators': 144, 'learning_rate': 0.09357848600314644, 'max_depth': 5, 'subsample': 0.9187096904428044, 'colsample_bytree': 0.9833309400549305}. Best is trial 204 with value: 0.9899952580754057.
[I 2023-09-23 19:34:39,720] Trial 259 finished with value: 0.942207377209795 and parameters: {'n_estimators': 148, 'learning_rate': 0.09635108018876715, 'max_depth': 3, 'subsample': 0.8647715776337145, 'colsample_bytree': 0.9982649230297079}. Best is trial 204 with value: 0.9899952580754057.
[I 2023-09-23 19:37:51,627] Trial 260 finished with value: 0.9895277828223289 and parameters: {'n_estimators': 150, 'learning_rate': 0.09832610345970995, 'max_depth': 5, 'subsample': 0.8119043605721357, 'colsample_bytree': 0.9428408968794761}. Best is trial 204 with value: 0.9899952580754057.
[I 2023-09-23 19:41:10,558] Trial 261 finished with value: 0.9866345575425068 and parameters: {'n_estimators': 150, 'learning_rate': 0.09166081222504928, 'max_depth': 5, 'subsample': 0.8152254155680968, 'colsample_bytree': 0.9407093195220484}. Best is trial 204 with value: 0.9899952580754057.
[I 2023-09-23 19:42:57,925] Trial 262 finished with value: 0.9631415480298863 and parameters: {'n_estimators': 68, 'learning_rate': 0.09762384245658812, 'max_depth': 5, 'subsample': 0.8395514692153399, 'colsample_bytree': 0.9447978781957147}. Best is trial 204 with value: 0.9899952580754057.
[I 2023-09-23 19:46:14,241] Trial 263 finished with value: 0.9848676789006034 and parameters: {'n_estimators': 150, 'learning_rate': 0.08706046571740779, 'max_depth': 5, 'subsample': 0.8003048293182071, 'colsample_bytree': 0.9355730322753967}. Best is trial 204 with value: 0.9899952580754057.
[I 2023-09-23 19:49:26,997] Trial 264 finished with value: 0.9869762752180534 and parameters: {'n_estimators': 148, 'learning_rate': 0.09543253718902595, 'max_depth': 5, 'subsample': 0.8422475585139136, 'colsample_bytree': 0.9438445764642035}. Best is trial 204 with value: 0.9899952580754057.
[I 2023-09-23 19:52:38,893] Trial 265 finished with value: 0.9874004869863103 and parameters: {'n_estimators': 147, 'learning_rate': 0.09854616301103841, 'max_depth': 5, 'subsample': 0.8916956217622362, 'colsample_bytree': 0.910705510555785}. Best is trial 204 with value: 0.9899952580754057.
[I 2023-09-23 19:55:52,783] Trial 266 finished with value: 0.9870694035338831 and parameters: {'n_estimators': 150, 'learning_rate': 0.09407451959519651, 'max_depth': 5, 'subsample': 0.8371294061624499, 'colsample_bytree': 0.9474810049474759}. Best is trial 204 with value: 0.9899952580754057.
[I 2023-09-23 19:59:08,276] Trial 267 finished with value: 0.9767959093073696 and parameters: {'n_estimators': 147, 'learning_rate': 0.07231367401547462, 'max_depth': 5, 'subsample': 0.8230941473397214, 'colsample_bytree': 0.9434471417520397}. Best is trial 204 with value: 0.9899952580754057.
[I 2023-09-23 20:02:24,587] Trial 268 finished with value: 0.9841695782367234 and parameters: {'n_estimators': 148, 'learning_rate': 0.08506224231582349, 'max_depth': 5, 'subsample': 0.8879840374651025, 'colsample_bytree': 0.9373706610108389}. Best is trial 204 with value: 0.9899952580754057.
[I 2023-09-23 20:05:43,573] Trial 269 finished with value: 0.9897477704341439 and parameters: {'n_estimators': 150, 'learning_rate': 0.0967133756224643, 'max_depth': 5, 'subsample': 0.8135331274336258, 'colsample_bytree': 0.9491577385942104}. Best is trial 204 with value: 0.9899952580754057.
[I 2023-09-23 20:07:51,027] Trial 270 finished with value: 0.9697082251055715 and parameters: {'n_estimators': 84, 'learning_rate': 0.09649086731588695, 'max_depth': 5, 'subsample': 0.8084341357115882, 'colsample_bytree': 0.9791386163923258}. Best is trial 204 with value: 0.9899952580754057.
[I 2023-09-23 20:10:52,048] Trial 271 finished with value: 0.9413505205486423 and parameters: {'n_estimators': 150, 'learning_rate': 0.054574984411241215, 'max_depth': 4, 'subsample': 0.8136451897319174, 'colsample_bytree': 0.9320654571974665}. Best is trial 204 with value: 0.9899952580754057.
[I 2023-09-23 20:14:05,699] Trial 272 finished with value: 0.9877752033571833 and parameters: {'n_estimators': 146, 'learning_rate': 0.09553847069293353, 'max_depth': 5, 'subsample': 0.8480875714277012, 'colsample_bytree': 0.9271105010689865}. Best is trial 204 with value: 0.9899952580754057.
[I 2023-09-23 20:17:26,483] Trial 273 finished with value: 0.9873124907325105 and parameters: {'n_estimators': 150, 'learning_rate': 0.09323188167353673, 'max_depth': 5, 'subsample': 0.804457231796471, 'colsample_bytree': 0.9995522364888971}. Best is trial 204 with value: 0.9899952580754057.
[I 2023-09-23 20:20:36,565] Trial 274 finished with value: 0.9870441029171502 and parameters: {'n_estimators': 142, 'learning_rate': 0.09710546311184616, 'max_depth': 5, 'subsample': 0.8298722774351358, 'colsample_bytree': 0.8183463771198695}. Best is trial 204 with value: 0.9899952580754057.
[I 2023-09-23 20:23:49,526] Trial 275 finished with value: 0.9879816255981589 and parameters: {'n_estimators': 144, 'learning_rate': 0.09836108177693505, 'max_depth': 5, 'subsample': 0.815787960524283, 'colsample_bytree': 0.950494669602645}. Best is trial 204 with value: 0.9899952580754057.
[I 2023-09-23 20:27:06,520] Trial 276 finished with value: 0.9894760838851944 and parameters: {'n_estimators': 148, 'learning_rate': 0.0999105215694832, 'max_depth': 5, 'subsample': 0.8226530957077702, 'colsample_bytree': 0.9943755083399752}. Best is trial 204 with value: 0.9899952580754057.
[I 2023-09-23 20:30:20,087] Trial 277 finished with value: 0.9850909691922347 and parameters: {'n_estimators': 146, 'learning_rate': 0.09097066600413305, 'max_depth': 5, 'subsample': 0.8078201836620446, 'colsample_bytree': 0.994080317521738}. Best is trial 204 with value: 0.9899952580754057.
[I 2023-09-23 20:33:36,620] Trial 278 finished with value: 0.9880479887780081 and parameters: {'n_estimators': 148, 'learning_rate': 0.09521379028718743, 'max_depth': 5, 'subsample': 0.815536286736376, 'colsample_bytree': 0.9912094499386893}. Best is trial 204 with value: 0.9899952580754057.
[I 2023-09-23 20:36:50,971] Trial 279 finished with value: 0.9799901529104293 and parameters: {'n_estimators': 144, 'learning_rate': 0.07364061496207759, 'max_depth': 5, 'subsample': 0.8247326438879868, 'colsample_bytree': 0.9948989678458221}. Best is trial 204 with value: 0.9899952580754057.
[I 2023-09-23 20:40:05,751] Trial 280 finished with value: 0.9891453664162171 and parameters: {'n_estimators': 146, 'learning_rate': 0.09994530110468702, 'max_depth': 5, 'subsample': 0.8123617252581375, 'colsample_bytree': 0.9877218071739958}. Best is trial 204 with value: 0.9899952580754057.
[I 2023-09-23 20:43:14,779] Trial 281 finished with value: 0.9877752027683748 and parameters: {'n_estimators': 142, 'learning_rate': 0.0972893550265286, 'max_depth': 5, 'subsample': 0.8190952630534679, 'colsample_bytree': 0.9738381692382169}. Best is trial 204 with value: 0.9899952580754057.
[I 2023-09-23 20:46:29,257] Trial 282 finished with value: 0.9820056195011944 and parameters: {'n_estimators': 145, 'learning_rate': 0.07760925734744285, 'max_depth': 5, 'subsample': 0.85291398454966, 'colsample_bytree': 0.9858511149202015}. Best is trial 204 with value: 0.9899952580754057.
[I 2023-09-23 20:49:37,749] Trial 283 finished with value: 0.9857322354820566 and parameters: {'n_estimators': 140, 'learning_rate': 0.09835208830922887, 'max_depth': 5, 'subsample': 0.8049665560842779, 'colsample_bytree': 0.9857258569417978}. Best is trial 204 with value: 0.9899952580754057.
[I 2023-09-23 20:52:53,545] Trial 284 finished with value: 0.9847690497404376 and parameters: {'n_estimators': 146, 'learning_rate': 0.08931469429059968, 'max_depth': 5, 'subsample': 0.813634178327151, 'colsample_bytree': 0.9396051855182692}. Best is trial 204 with value: 0.9899952580754057.
[I 2023-09-23 20:56:11,880] Trial 285 finished with value: 0.9873359551211228 and parameters: {'n_estimators': 148, 'learning_rate': 0.09341145753697554, 'max_depth': 5, 'subsample': 0.8101497059119195, 'colsample_bytree': 0.9474563372068038}. Best is trial 204 with value: 0.9899952580754057.
[I 2023-09-23 20:59:24,831] Trial 286 finished with value: 0.9798585256706318 and parameters: {'n_estimators': 143, 'learning_rate': 0.0751483993252868, 'max_depth': 5, 'subsample': 0.8221107232356417, 'colsample_bytree': 0.9827698168540836}. Best is trial 204 with value: 0.9899952580754057.
[I 2023-09-23 21:02:03,913] Trial 287 finished with value: 0.980824277725907 and parameters: {'n_estimators': 113, 'learning_rate': 0.09610309289831094, 'max_depth': 5, 'subsample': 0.8136418233802117, 'colsample_bytree': 0.9416934162371626}. Best is trial 204 with value: 0.9899952580754057.
[I 2023-09-23 21:05:23,781] Trial 288 finished with value: 0.9884428685111806 and parameters: {'n_estimators': 150, 'learning_rate': 0.09826601657045098, 'max_depth': 5, 'subsample': 0.8085066066992338, 'colsample_bytree': 0.9705073232087812}. Best is trial 204 with value: 0.9899952580754057.
[I 2023-09-23 21:08:48,334] Trial 289 finished with value: 0.9592547059778086 and parameters: {'n_estimators': 146, 'learning_rate': 0.042192171981087684, 'max_depth': 5, 'subsample': 0.8419401015158079, 'colsample_bytree': 0.988617789920156}. Best is trial 204 with value: 0.9899952580754057.
[I 2023-09-23 21:12:07,234] Trial 290 finished with value: 0.9765143218693655 and parameters: {'n_estimators': 148, 'learning_rate': 0.06766006258738386, 'max_depth': 5, 'subsample': 0.8114836849262375, 'colsample_bytree': 0.9304436331408582}. Best is trial 204 with value: 0.9899952580754057.
[I 2023-09-23 21:15:21,668] Trial 291 finished with value: 0.9892062312427393 and parameters: {'n_estimators': 144, 'learning_rate': 0.09992013157159363, 'max_depth': 5, 'subsample': 0.8070195264419984, 'colsample_bytree': 0.9360327872600289}. Best is trial 204 with value: 0.9899952580754057.
[I 2023-09-23 21:18:13,564] Trial 292 finished with value: 0.9712675810026292 and parameters: {'n_estimators': 123, 'learning_rate': 0.07142788098344294, 'max_depth': 5, 'subsample': 0.8060820758231335, 'colsample_bytree': 0.9346784700739844}. Best is trial 204 with value: 0.9899952580754057.
[I 2023-09-23 21:21:25,210] Trial 293 finished with value: 0.9790933280801337 and parameters: {'n_estimators': 141, 'learning_rate': 0.07585660840085837, 'max_depth': 5, 'subsample': 0.8189259729285323, 'colsample_bytree': 0.9388273321410201}. Best is trial 204 with value: 0.9899952580754057.
[I 2023-09-23 21:24:38,731] Trial 294 finished with value: 0.9884146367077428 and parameters: {'n_estimators': 144, 'learning_rate': 0.09986276954648314, 'max_depth': 5, 'subsample': 0.8097499322889967, 'colsample_bytree': 0.9423006649206548}. Best is trial 204 with value: 0.9899952580754057.
[I 2023-09-23 21:27:51,277] Trial 295 finished with value: 0.9830744005852491 and parameters: {'n_estimators': 144, 'learning_rate': 0.08453289351267533, 'max_depth': 5, 'subsample': 0.804010972779195, 'colsample_bytree': 0.9352565253988944}. Best is trial 204 with value: 0.9899952580754057.
[I 2023-09-23 21:31:07,324] Trial 296 finished with value: 0.9882965760943716 and parameters: {'n_estimators': 146, 'learning_rate': 0.09867200821803632, 'max_depth': 5, 'subsample': 0.8021316480315066, 'colsample_bytree': 0.9481693553253223}. Best is trial 204 with value: 0.9899952580754057.
[I 2023-09-23 21:34:29,122] Trial 297 finished with value: 0.9881961141293744 and parameters: {'n_estimators': 150, 'learning_rate': 0.09998441934014468, 'max_depth': 5, 'subsample': 0.8101734524751282, 'colsample_bytree': 0.9531059429285933}. Best is trial 204 with value: 0.9899952580754057.
