[I 2023-09-24 05:17:30,084] Trial 446 finished with value: 0.9607202020639901 and parameters: {'n_estimators': 144, 'learning_rate': 0.047039879720037855, 'max_depth': 5, 'subsample': 0.9089166472010362, 'colsample_bytree': 0.891012776790104}. Best is trial 204 with value: 0.9899952580754057.
[I 2023-09-24 05:20:19,217] Trial 447 finished with value: 0.972747741893448 and parameters: {'n_estimators': 138, 'learning_rate': 0.06639686818867563, 'max_depth': 5, 'subsample': 0.8235195190359429, 'colsample_bytree': 0.9837405090013853}. Best is trial 204 with value: 0.9899952580754057.
[I 2023-09-24 05:23:15,833] Trial 448 finished with value: 0.987579044286478 and parameters: {'n_estimators': 150, 'learning_rate': 0.09840718217242116, 'max_depth': 5, 'subsample': 0.8793287036485425, 'colsample_bytree': 0.9146496208549747}. Best is trial 204 with value: 0.9899952580754057.
[I 2023-09-24 05:25:39,048] Trial 449 finished with value: 0.9376979667477483 and parameters: {'n_estimators': 148, 'learning_rate': 0.09696318293094042, 'max_depth': 3, 'subsample': 0.8999559811812605, 'colsample_bytree': 0.8972256200059375}. Best is trial 204 with value: 0.9899952580754057.
[I 2023-09-24 05:28:35,030] Trial 450 finished with value: 0.9822278086329318 and parameters: {'n_estimators': 146, 'learning_rate': 0.08067343490868435, 'max_depth': 5, 'subsample': 0.8171376934539611, 'colsample_bytree': 0.8917573469386484}. Best is trial 204 with value: 0.9899952580754057.
[I 2023-09-24 05:31:31,174] Trial 451 finished with value: 0.9883119748877531 and parameters: {'n_estimators': 150, 'learning_rate': 0.09990936192372363, 'max_depth': 5, 'subsample': 0.8589610724717783, 'colsample_bytree': 0.8589584598059784}. Best is trial 204 with value: 0.9899952580754057.
[I 2023-09-24 05:34:25,299] Trial 452 finished with value: 0.9880435889759382 and parameters: {'n_estimators': 145, 'learning_rate': 0.09530851774668571, 'max_depth': 5, 'subsample': 0.8305936531501031, 'colsample_bytree': 0.947638303084827}. Best is trial 204 with value: 0.9899952580754057.
[I 2023-09-24 05:37:26,683] Trial 453 finished with value: 0.9655148645587479 and parameters: {'n_estimators': 148, 'learning_rate': 0.0480305117477324, 'max_depth': 5, 'subsample': 0.8687818312804455, 'colsample_bytree': 0.9998572932596734}. Best is trial 204 with value: 0.9899952580754057.
[I 2023-09-24 05:40:04,841] Trial 454 finished with value: 0.9828584421239321 and parameters: {'n_estimators': 128, 'learning_rate': 0.09342272002786725, 'max_depth': 5, 'subsample': 0.8081373636180149, 'colsample_bytree': 0.9301111557173902}. Best is trial 204 with value: 0.9899952580754057.
[I 2023-09-24 05:43:03,651] Trial 455 finished with value: 0.936869708726449 and parameters: {'n_estimators': 141, 'learning_rate': 0.024630411087452266, 'max_depth': 5, 'subsample': 0.8496944636998172, 'colsample_bytree': 0.9004827179549919}. Best is trial 204 with value: 0.9899952580754057.
[I 2023-09-24 05:46:01,602] Trial 456 finished with value: 0.9397607315614624 and parameters: {'n_estimators': 143, 'learning_rate': 0.029424474681335817, 'max_depth': 5, 'subsample': 0.9529987088650704, 'colsample_bytree': 0.9555095829699591}. Best is trial 204 with value: 0.9899952580754057.
[I 2023-09-24 05:48:57,510] Trial 457 finished with value: 0.9884648668177831 and parameters: {'n_estimators': 147, 'learning_rate': 0.09728989385071621, 'max_depth': 5, 'subsample': 0.834194465538072, 'colsample_bytree': 0.9089406466313229}. Best is trial 204 with value: 0.9899952580754057.
[I 2023-09-24 05:51:54,992] Trial 458 finished with value: 0.9877466023856213 and parameters: {'n_estimators': 150, 'learning_rate': 0.09839747999289203, 'max_depth': 5, 'subsample': 0.8627964541267907, 'colsample_bytree': 0.9733118020986914}. Best is trial 204 with value: 0.9899952580754057.
[I 2023-09-24 05:54:50,830] Trial 459 finished with value: 0.9876919749725863 and parameters: {'n_estimators': 148, 'learning_rate': 0.0954066113927536, 'max_depth': 5, 'subsample': 0.8132920195958273, 'colsample_bytree': 0.914405887469849}. Best is trial 204 with value: 0.9899952580754057.
[I 2023-09-24 05:57:43,952] Trial 460 finished with value: 0.9855643116501774 and parameters: {'n_estimators': 145, 'learning_rate': 0.09084629264902522, 'max_depth': 5, 'subsample': 0.8736015196542922, 'colsample_bytree': 0.9216402933093372}. Best is trial 204 with value: 0.9899952580754057.
[I 2023-09-24 06:00:44,251] Trial 461 finished with value: 0.9800979469651925 and parameters: {'n_estimators': 150, 'learning_rate': 0.07439593598816743, 'max_depth': 5, 'subsample': 0.8272874705576884, 'colsample_bytree': 0.9078227780931715}. Best is trial 204 with value: 0.9899952580754057.
[I 2023-09-24 06:03:21,577] Trial 462 finished with value: 0.946348307097249 and parameters: {'n_estimators': 146, 'learning_rate': 0.061501080183530926, 'max_depth': 4, 'subsample': 0.8677707826751151, 'colsample_bytree': 0.9509140173197744}. Best is trial 204 with value: 0.9899952580754057.
[I 2023-09-24 06:06:10,752] Trial 463 finished with value: 0.9877271696741406 and parameters: {'n_estimators': 143, 'learning_rate': 0.09998984069706594, 'max_depth': 5, 'subsample': 0.9862638861785223, 'colsample_bytree': 0.9444343179980585}. Best is trial 204 with value: 0.9899952580754057.
[I 2023-09-24 06:09:04,494] Trial 464 finished with value: 0.9859368253261998 and parameters: {'n_estimators': 148, 'learning_rate': 0.0969943926475661, 'max_depth': 5, 'subsample': 0.9137671523628695, 'colsample_bytree': 0.9185102020773234}. Best is trial 204 with value: 0.9899952580754057.
[I 2023-09-24 06:12:01,571] Trial 465 finished with value: 0.9738454878313558 and parameters: {'n_estimators': 146, 'learning_rate': 0.06574640679536387, 'max_depth': 5, 'subsample': 0.8536261046660825, 'colsample_bytree': 0.906102909830802}. Best is trial 204 with value: 0.9899952580754057.
[I 2023-09-24 06:14:58,494] Trial 466 finished with value: 0.9847349519440307 and parameters: {'n_estimators': 150, 'learning_rate': 0.08791367257999066, 'max_depth': 5, 'subsample': 0.8429062070787359, 'colsample_bytree': 0.9138198112343622}. Best is trial 204 with value: 0.9899952580754057.
[I 2023-09-24 06:17:57,221] Trial 467 finished with value: 0.9770866606384588 and parameters: {'n_estimators': 148, 'learning_rate': 0.0679694175872158, 'max_depth': 5, 'subsample': 0.8613150085899466, 'colsample_bytree': 0.9393852694727275}. Best is trial 204 with value: 0.9899952580754057.
[I 2023-09-24 06:20:45,302] Trial 468 finished with value: 0.9860545212076751 and parameters: {'n_estimators': 140, 'learning_rate': 0.09417905028147587, 'max_depth': 5, 'subsample': 0.8785600787708138, 'colsample_bytree': 0.9581236649903289}. Best is trial 204 with value: 0.9899952580754057.
[I 2023-09-24 06:23:36,919] Trial 469 finished with value: 0.9869916737291297 and parameters: {'n_estimators': 144, 'learning_rate': 0.09817451137102211, 'max_depth': 5, 'subsample': 0.9227635355558578, 'colsample_bytree': 0.9782648009301137}. Best is trial 204 with value: 0.9899952580754057.
[I 2023-09-24 06:26:31,022] Trial 470 finished with value: 0.9879365267502829 and parameters: {'n_estimators': 148, 'learning_rate': 0.09609047772716775, 'max_depth': 5, 'subsample': 0.9732103461121554, 'colsample_bytree': 0.9457065587789704}. Best is trial 204 with value: 0.9899952580754057.
[I 2023-09-24 06:29:26,154] Trial 471 finished with value: 0.9869814073701522 and parameters: {'n_estimators': 146, 'learning_rate': 0.09835244481005195, 'max_depth': 5, 'subsample': 0.9032989070433869, 'colsample_bytree': 0.881853104363077}. Best is trial 204 with value: 0.9899952580754057.
[I 2023-09-24 06:32:29,153] Trial 472 finished with value: 0.958362283590483 and parameters: {'n_estimators': 150, 'learning_rate': 0.04029715476173719, 'max_depth': 5, 'subsample': 0.8580106751914648, 'colsample_bytree': 0.9857735888921048}. Best is trial 204 with value: 0.9899952580754057.
[I 2023-09-24 06:35:26,125] Trial 473 finished with value: 0.9791512573132974 and parameters: {'n_estimators': 148, 'learning_rate': 0.07507398470037313, 'max_depth': 5, 'subsample': 0.8382047637114269, 'colsample_bytree': 0.9515155306868258}. Best is trial 204 with value: 0.9899952580754057.
[I 2023-09-24 06:38:17,900] Trial 474 finished with value: 0.9869293434826713 and parameters: {'n_estimators': 144, 'learning_rate': 0.09310963383171147, 'max_depth': 5, 'subsample': 0.8735467958616299, 'colsample_bytree': 0.9344124194447164}. Best is trial 204 with value: 0.9899952580754057.
[I 2023-09-24 06:41:14,468] Trial 475 finished with value: 0.9882936431903084 and parameters: {'n_estimators': 146, 'learning_rate': 0.09674228515384649, 'max_depth': 5, 'subsample': 0.803385304299134, 'colsample_bytree': 0.9930933454872892}. Best is trial 204 with value: 0.9899952580754057.
[I 2023-09-24 06:44:04,105] Trial 476 finished with value: 0.9876010437478442 and parameters: {'n_estimators': 142, 'learning_rate': 0.0985147943510383, 'max_depth': 5, 'subsample': 0.8968917861727577, 'colsample_bytree': 0.9631903178952529}. Best is trial 204 with value: 0.9899952580754057.
[I 2023-09-24 06:47:07,608] Trial 477 finished with value: 0.9568850565669267 and parameters: {'n_estimators': 150, 'learning_rate': 0.03905388348412697, 'max_depth': 5, 'subsample': 0.8193704652530353, 'colsample_bytree': 0.9427621238605566}. Best is trial 204 with value: 0.9899952580754057.
[I 2023-09-24 06:50:03,201] Trial 478 finished with value: 0.9879658591826115 and parameters: {'n_estimators': 148, 'learning_rate': 0.09521622590621172, 'max_depth': 5, 'subsample': 0.8650816342520833, 'colsample_bytree': 0.907379268227893}. Best is trial 204 with value: 0.9899952580754057.
[I 2023-09-24 06:53:11,898] Trial 479 finished with value: 0.9306843458208602 and parameters: {'n_estimators': 146, 'learning_rate': 0.019150047109656176, 'max_depth': 5, 'subsample': 0.9379308181783202, 'colsample_bytree': 0.92645051235269}. Best is trial 204 with value: 0.9899952580754057.
[I 2023-09-24 06:55:13,860] Trial 480 finished with value: 0.9716954588355978 and parameters: {'n_estimators': 92, 'learning_rate': 0.09190491336662875, 'max_depth': 5, 'subsample': 0.8705206072507214, 'colsample_bytree': 0.96837897438484}. Best is trial 204 with value: 0.9899952580754057.
[I 2023-09-24 06:58:20,062] Trial 481 finished with value: 0.9377800970717619 and parameters: {'n_estimators': 150, 'learning_rate': 0.02623203923214895, 'max_depth': 5, 'subsample': 0.8551464447322292, 'colsample_bytree': 0.9385045176792975}. Best is trial 204 with value: 0.9899952580754057.
[I 2023-09-24 07:01:07,425] Trial 482 finished with value: 0.9887101556842068 and parameters: {'n_estimators': 144, 'learning_rate': 0.09988777185748446, 'max_depth': 5, 'subsample': 0.9091346363249553, 'colsample_bytree': 0.9538233862377642}. Best is trial 204 with value: 0.9899952580754057.
[I 2023-09-24 07:03:52,616] Trial 483 finished with value: 0.9832991543105962 and parameters: {'n_estimators': 148, 'learning_rate': 0.08535180185085003, 'max_depth': 5, 'subsample': 0.881980038543672, 'colsample_bytree': 0.9478611089008958}. Best is trial 204 with value: 0.9899952580754057.
[I 2023-09-24 07:06:40,465] Trial 484 finished with value: 0.9532680678791994 and parameters: {'n_estimators': 147, 'learning_rate': 0.03756674713703277, 'max_depth': 5, 'subsample': 0.8936834134486693, 'colsample_bytree': 0.9588857816116537}. Best is trial 204 with value: 0.9899952580754057.
[I 2023-09-24 07:09:27,024] Trial 485 finished with value: 0.988117283984085 and parameters: {'n_estimators': 150, 'learning_rate': 0.09698279141254391, 'max_depth': 5, 'subsample': 0.8473395747659038, 'colsample_bytree': 0.8757867985109304}. Best is trial 204 with value: 0.9899952580754057.
[I 2023-09-24 07:12:20,055] Trial 486 finished with value: 0.9309893975748839 and parameters: {'n_estimators': 145, 'learning_rate': 0.02075268437081529, 'max_depth': 5, 'subsample': 0.8129678044764977, 'colsample_bytree': 0.9885551541754312}. Best is trial 204 with value: 0.9899952580754057.
[I 2023-09-24 07:15:00,527] Trial 487 finished with value: 0.9877752004084357 and parameters: {'n_estimators': 141, 'learning_rate': 0.09995660029753344, 'max_depth': 5, 'subsample': 0.8634660091570484, 'colsample_bytree': 0.9311961243137888}. Best is trial 204 with value: 0.9899952580754057.
[I 2023-09-24 07:17:48,767] Trial 488 finished with value: 0.9598505090199035 and parameters: {'n_estimators': 148, 'learning_rate': 0.04523635253370543, 'max_depth': 5, 'subsample': 0.8897738847092646, 'colsample_bytree': 0.9055203039788167}. Best is trial 204 with value: 0.9899952580754057.
[I 2023-09-24 07:20:31,053] Trial 489 finished with value: 0.9686137784309118 and parameters: {'n_estimators': 143, 'learning_rate': 0.05731326036330259, 'max_depth': 5, 'subsample': 0.8751637482565969, 'colsample_bytree': 0.941585622845678}. Best is trial 204 with value: 0.9899952580754057.
[I 2023-09-24 07:23:15,466] Trial 490 finished with value: 0.9876971065130231 and parameters: {'n_estimators': 146, 'learning_rate': 0.09487264822114652, 'max_depth': 5, 'subsample': 0.8077739294072765, 'colsample_bytree': 0.9812324834477657}. Best is trial 204 with value: 0.9899952580754057.
[I 2023-09-24 07:26:05,978] Trial 491 finished with value: 0.9501951849284269 and parameters: {'n_estimators': 148, 'learning_rate': 0.03423366591828236, 'max_depth': 5, 'subsample': 0.8676651903624149, 'colsample_bytree': 0.934642192713765}. Best is trial 204 with value: 0.9899952580754057.
[I 2023-09-24 07:28:52,893] Trial 492 finished with value: 0.9889932083915844 and parameters: {'n_estimators': 150, 'learning_rate': 0.09831857256057544, 'max_depth': 5, 'subsample': 0.8602215560059173, 'colsample_bytree': 0.949967380685153}. Best is trial 204 with value: 0.9899952580754057.
[I 2023-09-24 07:31:37,650] Trial 493 finished with value: 0.988320041998023 and parameters: {'n_estimators': 146, 'learning_rate': 0.096572244020025, 'max_depth': 5, 'subsample': 0.8257606052518341, 'colsample_bytree': 0.8941029918870216}. Best is trial 204 with value: 0.9899952580754057.
[I 2023-09-24 07:34:23,325] Trial 494 finished with value: 0.9503550435125799 and parameters: {'n_estimators': 139, 'learning_rate': 0.03685288711434971, 'max_depth': 5, 'subsample': 0.8717548352953509, 'colsample_bytree': 0.9553866562127267}. Best is trial 204 with value: 0.9899952580754057.
[I 2023-09-24 07:37:02,812] Trial 495 finished with value: 0.9879233288523908 and parameters: {'n_estimators': 144, 'learning_rate': 0.09809558043273683, 'max_depth': 5, 'subsample': 0.8451848825009244, 'colsample_bytree': 0.9461798609521868}. Best is trial 204 with value: 0.9899952580754057.
[I 2023-09-24 07:39:34,343] Trial 496 finished with value: 0.9812767214636242 and parameters: {'n_estimators': 148, 'learning_rate': 0.07829256375891018, 'max_depth': 5, 'subsample': 0.8550310783492274, 'colsample_bytree': 0.9123437407002877}. Best is trial 204 with value: 0.9899952580754057.
[I 2023-09-24 07:41:52,119] Trial 497 finished with value: 0.9496305471315576 and parameters: {'n_estimators': 150, 'learning_rate': 0.06331793951815168, 'max_depth': 4, 'subsample': 0.8666506851646548, 'colsample_bytree': 0.9965275636854156}. Best is trial 204 with value: 0.9899952580754057.
[I 2023-09-24 07:44:21,618] Trial 498 finished with value: 0.9878859298186142 and parameters: {'n_estimators': 147, 'learning_rate': 0.09994937251891038, 'max_depth': 5, 'subsample': 0.8781960798156869, 'colsample_bytree': 0.9647445073947334}. Best is trial 204 with value: 0.9899952580754057.
[I 2023-09-24 07:46:50,597] Trial 499 finished with value: 0.9875680460069793 and parameters: {'n_estimators': 145, 'learning_rate': 0.09352459240544662, 'max_depth': 5, 'subsample': 0.8508650338631, 'colsample_bytree': 0.9386794839876057}. Best is trial 204 with value: 0.9899952580754057.
INFO:__main__:Best Parameters found: {'n_estimators': 150, 'learning_rate': 0.09667907401768036, 'max_depth': 5, 'subsample': 0.8694924286053657, 'colsample_bytree': 0.9581518340515917}
INFO:__main__:Starting feature selection...
INFO:__main__:Training model...
INFO:__main__:Best model saved as xgboost_best_model.joblib
INFO:__main__:Accuracy: 0.9928162615815004
INFO:__main__:Classification Report:
INFO:__main__:{'0.0': {'precision': 0.9913677201141529, 'recall': 0.9997548400437877, 'f1-score': 0.9955436157266794, 'support': 938163.0}, '1.0': {'precision': 0.998967637685713, 'recall': 0.9646031890502629, 'f1-score': 0.981484707298734, 'support': 230727.0}, 'accuracy': 0.9928162615815004, 'macro avg': {'precision': 0.9951676788999329, 'recall': 0.9821790145470253, 'f1-score': 0.9885141615127067, 'support': 1168890.0}, 'weighted avg': {'precision': 0.9928678665620936, 'recall': 0.9928162615815004, 'f1-score': 0.9927685301627217, 'support': 1168890.0}}
INFO:__main__:Confusion Matrix:
INFO:__main__:
[[937933    230]
 [  8167 222560]]
